{"D:\\work\\NestJS\\nodejs-typescript-ocpp-library2.0.1\\src\\OcppClient.ts": {"path":"D:\\work\\NestJS\\nodejs-typescript-ocpp-library2.0.1\\src\\OcppClient.ts","statementMap":{"0":{"start":{"line":132,"column":0},"end":{"line":132,"column":37}},"1":{"start":{"line":134,"column":0},"end":{"line":134,"column":null}},"2":{"start":{"line":134,"column":32},"end":{"line":134,"column":38}},"3":{"start":{"line":135,"column":4},"end":{"line":137,"column":null}},"4":{"start":{"line":136,"column":8},"end":{"line":136,"column":49}},"5":{"start":{"line":182,"column":4},"end":{"line":184,"column":null}},"6":{"start":{"line":183,"column":8},"end":{"line":183,"column":41}},"7":{"start":{"line":211,"column":4},"end":{"line":213,"column":null}},"8":{"start":{"line":212,"column":8},"end":{"line":212,"column":51}},"9":{"start":{"line":214,"column":0},"end":{"line":214,"column":null}},"10":{"start":{"line":134,"column":13},"end":{"line":134,"column":23}}},"fnMap":{"0":{"name":"(anonymous_6)","decl":{"start":{"line":134,"column":0},"end":{"line":134,"column":13}},"loc":{"start":{"line":134,"column":0},"end":{"line":214,"column":null}}},"1":{"name":"(anonymous_8)","decl":{"start":{"line":135,"column":4},"end":{"line":135,"column":11}},"loc":{"start":{"line":135,"column":67},"end":{"line":137,"column":5}}},"2":{"name":"(anonymous_9)","decl":{"start":{"line":182,"column":4},"end":{"line":182,"column":6}},"loc":{"start":{"line":182,"column":65},"end":{"line":184,"column":5}}},"3":{"name":"(anonymous_10)","decl":{"start":{"line":211,"column":4},"end":{"line":211,"column":15}},"loc":{"start":{"line":211,"column":45},"end":{"line":213,"column":5}}}},"branchMap":{},"s":{"0":2,"1":2,"2":2,"3":2,"4":1,"5":2,"6":0,"7":2,"8":1,"9":2,"10":2},"f":{"0":4,"1":1,"2":0,"3":1},"b":{}}
,"D:\\work\\NestJS\\nodejs-typescript-ocpp-library2.0.1\\src\\OcppClientConnection.ts": {"path":"D:\\work\\NestJS\\nodejs-typescript-ocpp-library2.0.1\\src\\OcppClientConnection.ts","statementMap":{"0":{"start":{"line":1,"column":0},"end":{"line":1,"column":39}},"1":{"start":{"line":132,"column":0},"end":{"line":132,"column":null}},"2":{"start":{"line":132,"column":42},"end":{"line":132,"column":48}},"3":{"start":{"line":133,"column":2},"end":{"line":135,"column":null}},"4":{"start":{"line":134,"column":4},"end":{"line":134,"column":27}},"5":{"start":{"line":137,"column":2},"end":{"line":139,"column":null}},"6":{"start":{"line":138,"column":4},"end":{"line":138,"column":36}},"7":{"start":{"line":168,"column":2},"end":{"line":170,"column":null}},"8":{"start":{"line":169,"column":4},"end":{"line":169,"column":37}},"9":{"start":{"line":212,"column":2},"end":{"line":214,"column":null}},"10":{"start":{"line":213,"column":4},"end":{"line":213,"column":47}},"11":{"start":{"line":215,"column":0},"end":{"line":215,"column":null}},"12":{"start":{"line":132,"column":13},"end":{"line":132,"column":33}}},"fnMap":{"0":{"name":"(anonymous_6)","decl":{"start":{"line":132,"column":0},"end":{"line":132,"column":13}},"loc":{"start":{"line":132,"column":0},"end":{"line":215,"column":null}}},"1":{"name":"(anonymous_8)","decl":{"start":{"line":133,"column":2},"end":{"line":133,"column":9}},"loc":{"start":{"line":133,"column":2},"end":{"line":135,"column":3}}},"2":{"name":"(anonymous_9)","decl":{"start":{"line":137,"column":2},"end":{"line":137,"column":15}},"loc":{"start":{"line":137,"column":43},"end":{"line":139,"column":3}}},"3":{"name":"(anonymous_10)","decl":{"start":{"line":168,"column":2},"end":{"line":168,"column":4}},"loc":{"start":{"line":168,"column":63},"end":{"line":170,"column":3}}},"4":{"name":"(anonymous_11)","decl":{"start":{"line":212,"column":2},"end":{"line":212,"column":13}},"loc":{"start":{"line":212,"column":43},"end":{"line":214,"column":3}}}},"branchMap":{},"s":{"0":5,"1":5,"2":5,"3":5,"4":1,"5":5,"6":1,"7":5,"8":0,"9":5,"10":1,"11":5,"12":5},"f":{"0":10,"1":1,"2":1,"3":0,"4":1},"b":{}}
,"D:\\work\\NestJS\\nodejs-typescript-ocpp-library2.0.1\\src\\OcppServer.ts": {"path":"D:\\work\\NestJS\\nodejs-typescript-ocpp-library2.0.1\\src\\OcppServer.ts","statementMap":{"0":{"start":{"line":3,"column":0},"end":{"line":3,"column":39}},"1":{"start":{"line":6,"column":0},"end":{"line":6,"column":null}},"2":{"start":{"line":6,"column":32},"end":{"line":6,"column":38}},"3":{"start":{"line":7,"column":2},"end":{"line":9,"column":null}},"4":{"start":{"line":7,"column":9},"end":{"line":7,"column":30}},"5":{"start":{"line":8,"column":4},"end":{"line":8,"column":32}},"6":{"start":{"line":13,"column":2},"end":{"line":15,"column":null}},"7":{"start":{"line":14,"column":4},"end":{"line":14,"column":37}},"8":{"start":{"line":16,"column":0},"end":{"line":16,"column":null}},"9":{"start":{"line":6,"column":13},"end":{"line":6,"column":23}}},"fnMap":{"0":{"name":"(anonymous_6)","decl":{"start":{"line":6,"column":0},"end":{"line":6,"column":13}},"loc":{"start":{"line":6,"column":0},"end":{"line":16,"column":null}}},"1":{"name":"(anonymous_8)","decl":{"start":{"line":7,"column":2},"end":{"line":7,"column":8}},"loc":{"start":{"line":7,"column":60},"end":{"line":9,"column":3}}},"2":{"name":"(anonymous_9)","decl":{"start":{"line":13,"column":2},"end":{"line":13,"column":4}},"loc":{"start":{"line":13,"column":63},"end":{"line":15,"column":3}}}},"branchMap":{"0":{"loc":{"start":{"line":7,"column":9},"end":{"line":7,"column":30}},"type":"if","locations":[{"start":{"line":7,"column":9},"end":{"line":7,"column":30}}]}},"s":{"0":3,"1":3,"2":3,"3":3,"4":4,"5":3,"6":3,"7":0,"8":3,"9":3},"f":{"0":7,"1":3,"2":0},"b":{"0":[1]}}
,"D:\\work\\NestJS\\nodejs-typescript-ocpp-library2.0.1\\src\\index.ts": {"path":"D:\\work\\NestJS\\nodejs-typescript-ocpp-library2.0.1\\src\\index.ts","statementMap":{"0":{"start":{"line":1,"column":0},"end":{"line":1,"column":9}},"1":{"start":{"line":139,"column":2},"end":{"line":1,"column":45}},"2":{"start":{"line":2,"column":0},"end":{"line":2,"column":9}},"3":{"start":{"line":136,"column":2},"end":{"line":2,"column":42}},"4":{"start":{"line":3,"column":0},"end":{"line":3,"column":9}},"5":{"start":{"line":138,"column":2},"end":{"line":3,"column":42}},"6":{"start":{"line":4,"column":0},"end":{"line":4,"column":9}},"7":{"start":{"line":137,"column":2},"end":{"line":4,"column":62}}},"fnMap":{"0":{"name":"(anonymous_0)","decl":{"start":{"line":139,"column":2},"end":{"line":139,"column":11}},"loc":{"start":{"line":139,"column":2},"end":{"line":1,"column":45}}},"1":{"name":"(anonymous_1)","decl":{"start":{"line":136,"column":2},"end":{"line":136,"column":12}},"loc":{"start":{"line":136,"column":2},"end":{"line":2,"column":42}}},"2":{"name":"(anonymous_2)","decl":{"start":{"line":138,"column":2},"end":{"line":138,"column":12}},"loc":{"start":{"line":138,"column":2},"end":{"line":3,"column":42}}},"3":{"name":"(anonymous_3)","decl":{"start":{"line":137,"column":2},"end":{"line":137,"column":22}},"loc":{"start":{"line":137,"column":2},"end":{"line":4,"column":62}}}},"branchMap":{},"s":{"0":1,"1":2,"2":1,"3":2,"4":1,"5":2,"6":1,"7":2},"f":{"0":1,"1":1,"2":1,"3":1},"b":{}}
,"D:\\work\\NestJS\\nodejs-typescript-ocpp-library2.0.1\\src\\impl\\Client.ts": {"path":"D:\\work\\NestJS\\nodejs-typescript-ocpp-library2.0.1\\src\\impl\\Client.ts","statementMap":{"0":{"start":{"line":1,"column":0},"end":{"line":1,"column":34}},"1":{"start":{"line":3,"column":0},"end":{"line":3,"column":27}},"2":{"start":{"line":4,"column":0},"end":{"line":4,"column":38}},"3":{"start":{"line":5,"column":0},"end":{"line":5,"column":48}},"4":{"start":{"line":7,"column":0},"end":{"line":7,"column":null}},"5":{"start":{"line":7,"column":28},"end":{"line":7,"column":40}},"6":{"start":{"line":13,"column":4},"end":{"line":13,"column":null}},"7":{"start":{"line":8,"column":10},"end":{"line":8,"column":45}},"8":{"start":{"line":14,"column":4},"end":{"line":14,"column":21}},"9":{"start":{"line":17,"column":12},"end":{"line":19,"column":null}},"10":{"start":{"line":18,"column":4},"end":{"line":18,"column":21}},"11":{"start":{"line":21,"column":12},"end":{"line":23,"column":null}},"12":{"start":{"line":22,"column":4},"end":{"line":22,"column":33}},"13":{"start":{"line":25,"column":12},"end":{"line":30,"column":null}},"14":{"start":{"line":26,"column":4},"end":{"line":28,"column":null}},"15":{"start":{"line":27,"column":6},"end":{"line":27,"column":59}},"16":{"start":{"line":29,"column":4},"end":{"line":29,"column":70}},"17":{"start":{"line":32,"column":12},"end":{"line":60,"column":null}},"18":{"start":{"line":32,"column":2},"end":{"line":32,"column":12}},"19":{"start":{"line":33,"column":15},"end":{"line":37,"column":6}},"20":{"start":{"line":39,"column":4},"end":{"line":43,"column":7}},"21":{"start":{"line":40,"column":6},"end":{"line":42,"column":null}},"22":{"start":{"line":41,"column":8},"end":{"line":41,"column":96}},"23":{"start":{"line":45,"column":4},"end":{"line":48,"column":7}},"24":{"start":{"line":46,"column":6},"end":{"line":46,"column":31}},"25":{"start":{"line":47,"column":6},"end":{"line":47,"column":39}},"26":{"start":{"line":50,"column":4},"end":{"line":55,"column":7}},"27":{"start":{"line":51,"column":6},"end":{"line":54,"column":null}},"28":{"start":{"line":52,"column":8},"end":{"line":52,"column":51}},"29":{"start":{"line":53,"column":8},"end":{"line":53,"column":29}},"30":{"start":{"line":57,"column":4},"end":{"line":59,"column":7}},"31":{"start":{"line":58,"column":6},"end":{"line":58,"column":30}},"32":{"start":{"line":61,"column":0},"end":{"line":61,"column":null}},"33":{"start":{"line":7,"column":13},"end":{"line":7,"column":19}}},"fnMap":{"0":{"name":"(anonymous_7)","decl":{"start":{"line":7,"column":0},"end":{"line":7,"column":13}},"loc":{"start":{"line":7,"column":0},"end":{"line":61,"column":null}}},"1":{"name":"Client","decl":{"start":{"line":12,"column":2},"end":{"line":12,"column":14}},"loc":{"start":{"line":12,"column":26},"end":{"line":15,"column":3}}},"2":{"name":"(anonymous_9)","decl":{"start":{"line":17,"column":2},"end":{"line":17,"column":12}},"loc":{"start":{"line":17,"column":2},"end":{"line":19,"column":3}}},"3":{"name":"(anonymous_10)","decl":{"start":{"line":21,"column":2},"end":{"line":21,"column":12}},"loc":{"start":{"line":21,"column":53},"end":{"line":23,"column":3}}},"4":{"name":"(anonymous_11)","decl":{"start":{"line":25,"column":2},"end":{"line":25,"column":12}},"loc":{"start":{"line":25,"column":53},"end":{"line":30,"column":3}}},"5":{"name":"(anonymous_12)","decl":{"start":{"line":32,"column":2},"end":{"line":32,"column":12}},"loc":{"start":{"line":32,"column":75},"end":{"line":60,"column":3}}},"6":{"name":"(anonymous_13)","decl":{"start":{"line":39,"column":21},"end":{"line":39,"column":22}},"loc":{"start":{"line":39,"column":25},"end":{"line":43,"column":5}}},"7":{"name":"(anonymous_14)","decl":{"start":{"line":45,"column":19},"end":{"line":45,"column":20}},"loc":{"start":{"line":45,"column":48},"end":{"line":48,"column":5}}},"8":{"name":"(anonymous_15)","decl":{"start":{"line":50,"column":18},"end":{"line":50,"column":null}},"loc":{"start":{"line":50,"column":18},"end":{"line":55,"column":5}}},"9":{"name":"(anonymous_16)","decl":{"start":{"line":57,"column":19},"end":{"line":57,"column":20}},"loc":{"start":{"line":57,"column":23},"end":{"line":59,"column":5}}}},"branchMap":{"0":{"loc":{"start":{"line":13,"column":4},"end":{"line":13,"column":null}},"type":"binary-expr","locations":[{"start":{"line":13,"column":4},"end":{"line":13,"column":11}},{"start":{"line":13,"column":11},"end":{"line":13,"column":null}}]},"1":{"loc":{"start":{"line":26,"column":4},"end":{"line":28,"column":null}},"type":"if","locations":[{"start":{"line":26,"column":4},"end":{"line":28,"column":null}}]},"2":{"loc":{"start":{"line":40,"column":6},"end":{"line":42,"column":null}},"type":"if","locations":[{"start":{"line":40,"column":6},"end":{"line":42,"column":null}}]},"3":{"loc":{"start":{"line":51,"column":6},"end":{"line":54,"column":null}},"type":"if","locations":[{"start":{"line":51,"column":6},"end":{"line":54,"column":null}}]}},"s":{"0":5,"1":5,"2":5,"3":5,"4":5,"5":5,"6":2,"7":2,"8":2,"9":5,"10":0,"11":5,"12":0,"13":5,"14":0,"15":0,"16":0,"17":5,"18":0,"19":0,"20":0,"21":0,"22":0,"23":0,"24":0,"25":0,"26":0,"27":0,"28":0,"29":0,"30":0,"31":0,"32":5,"33":5},"f":{"0":5,"1":2,"2":0,"3":0,"4":0,"5":0,"6":0,"7":0,"8":0,"9":0},"b":{"0":[2,2],"1":[0],"2":[0],"3":[0]}}
,"D:\\work\\NestJS\\nodejs-typescript-ocpp-library2.0.1\\src\\impl\\OcppError.ts": {"path":"D:\\work\\NestJS\\nodejs-typescript-ocpp-library2.0.1\\src\\impl\\OcppError.ts","statementMap":{"0":{"start":{"line":2,"column":13},"end":{"line":2,"column":53}},"1":{"start":{"line":5,"column":13},"end":{"line":5,"column":49}},"2":{"start":{"line":9,"column":13},"end":{"line":9,"column":51}},"3":{"start":{"line":12,"column":13},"end":{"line":12,"column":51}},"4":{"start":{"line":16,"column":13},"end":{"line":16,"column":51}},"5":{"start":{"line":19,"column":13},"end":{"line":19,"column":61}},"6":{"start":{"line":22,"column":13},"end":{"line":22,"column":79}},"7":{"start":{"line":26,"column":13},"end":{"line":26,"column":81}},"8":{"start":{"line":30,"column":13},"end":{"line":30,"column":71}},"9":{"start":{"line":33,"column":13},"end":{"line":33,"column":49}},"10":{"start":{"line":35,"column":0},"end":{"line":35,"column":null}},"11":{"start":{"line":35,"column":31},"end":{"line":35,"column":36}},"12":{"start":{"line":43,"column":4},"end":{"line":43,"column":null}},"13":{"start":{"line":44,"column":4},"end":{"line":44,"column":21}},"14":{"start":{"line":45,"column":4},"end":{"line":45,"column":21}},"15":{"start":{"line":46,"column":4},"end":{"line":46,"column":27}},"16":{"start":{"line":48,"column":0},"end":{"line":48,"column":null}},"17":{"start":{"line":35,"column":13},"end":{"line":35,"column":22}}},"fnMap":{"0":{"name":"(anonymous_6)","decl":{"start":{"line":35,"column":0},"end":{"line":35,"column":13}},"loc":{"start":{"line":35,"column":0},"end":{"line":48,"column":null}}},"1":{"name":"OcppError","decl":{"start":{"line":42,"column":2},"end":{"line":42,"column":14}},"loc":{"start":{"line":42,"column":64},"end":{"line":47,"column":3}}}},"branchMap":{"0":{"loc":{"start":{"line":43,"column":4},"end":{"line":43,"column":null}},"type":"binary-expr","locations":[{"start":{"line":43,"column":4},"end":{"line":43,"column":15}},{"start":{"line":43,"column":15},"end":{"line":43,"column":null}}]}},"s":{"0":9,"1":9,"2":9,"3":9,"4":9,"5":9,"6":9,"7":9,"8":9,"9":9,"10":9,"11":9,"12":9,"13":9,"14":9,"15":9,"16":9,"17":9},"f":{"0":9,"1":9},"b":{"0":[9,0]}}
,"D:\\work\\NestJS\\nodejs-typescript-ocpp-library2.0.1\\src\\impl\\Protocol.ts": {"path":"D:\\work\\NestJS\\nodejs-typescript-ocpp-library2.0.1\\src\\impl\\Protocol.ts","statementMap":{"0":{"start":{"line":2,"column":0},"end":{"line":2,"column":34}},"1":{"start":{"line":4,"column":0},"end":{"line":4,"column":32}},"2":{"start":{"line":5,"column":0},"end":{"line":5,"column":null}},"3":{"start":{"line":10,"column":0},"end":{"line":10,"column":50}},"4":{"start":{"line":12,"column":21},"end":{"line":12,"column":22}},"5":{"start":{"line":13,"column":27},"end":{"line":13,"column":28}},"6":{"start":{"line":14,"column":26},"end":{"line":14,"column":27}},"7":{"start":{"line":16,"column":0},"end":{"line":16,"column":13}},"8":{"start":{"line":23,"column":4},"end":{"line":23,"column":16}},"9":{"start":{"line":17,"column":4},"end":{"line":17,"column":27}},"10":{"start":{"line":24,"column":8},"end":{"line":24,"column":41}},"11":{"start":{"line":25,"column":8},"end":{"line":25,"column":29}},"12":{"start":{"line":26,"column":8},"end":{"line":28,"column":11}},"13":{"start":{"line":27,"column":12},"end":{"line":27,"column":47}},"14":{"start":{"line":32,"column":4},"end":{"line":53,"column":null}},"15":{"start":{"line":33,"column":8},"end":{"line":52,"column":null}},"16":{"start":{"line":34,"column":43},"end":{"line":34,"column":62}},"17":{"start":{"line":34,"column":30},"end":{"line":34,"column":35}},"18":{"start":{"line":34,"column":39},"end":{"line":34,"column":43}},"19":{"start":{"line":36,"column":12},"end":{"line":47,"column":null}},"20":{"start":{"line":37,"column":53},"end":{"line":37,"column":58}},"21":{"start":{"line":38,"column":16},"end":{"line":38,"column":56}},"22":{"start":{"line":39,"column":19},"end":{"line":47,"column":null}},"23":{"start":{"line":40,"column":45},"end":{"line":40,"column":50}},"24":{"start":{"line":41,"column":16},"end":{"line":41,"column":54}},"25":{"start":{"line":42,"column":19},"end":{"line":47,"column":null}},"26":{"start":{"line":43,"column":79},"end":{"line":43,"column":84}},"27":{"start":{"line":44,"column":16},"end":{"line":44,"column":87}},"28":{"start":{"line":46,"column":16},"end":{"line":46,"column":49}},"29":{"start":{"line":49,"column":12},"end":{"line":51,"column":null}},"30":{"start":{"line":50,"column":16},"end":{"line":50,"column":43}},"31":{"start":{"line":55,"column":11},"end":{"line":78,"column":null}},"32":{"start":{"line":55,"column":4},"end":{"line":55,"column":11}},"33":{"start":{"line":56,"column":8},"end":{"line":77,"column":11}},"34":{"start":{"line":57,"column":12},"end":{"line":76,"column":null}},"35":{"start":{"line":58,"column":34},"end":{"line":58,"column":42}},"36":{"start":{"line":59,"column":31},"end":{"line":62,"column":29}},"37":{"start":{"line":63,"column":16},"end":{"line":63,"column":41}},"38":{"start":{"line":64,"column":16},"end":{"line":67,"column":18}},"39":{"start":{"line":69,"column":16},"end":{"line":72,"column":26}},"40":{"start":{"line":71,"column":20},"end":{"line":71,"column":104}},"41":{"start":{"line":74,"column":16},"end":{"line":74,"column":33}},"42":{"start":{"line":75,"column":16},"end":{"line":75,"column":26}},"43":{"start":{"line":80,"column":12},"end":{"line":91,"column":null}},"44":{"start":{"line":81,"column":8},"end":{"line":90,"column":null}},"45":{"start":{"line":82,"column":27},"end":{"line":86,"column":37}},"46":{"start":{"line":87,"column":12},"end":{"line":87,"column":37}},"47":{"start":{"line":89,"column":12},"end":{"line":89,"column":29}},"48":{"start":{"line":93,"column":12},"end":{"line":106,"column":null}},"49":{"start":{"line":99,"column":8},"end":{"line":105,"column":null}},"50":{"start":{"line":100,"column":29},"end":{"line":100,"column":58}},"51":{"start":{"line":101,"column":12},"end":{"line":103,"column":null}},"52":{"start":{"line":102,"column":16},"end":{"line":102,"column":81}},"53":{"start":{"line":104,"column":12},"end":{"line":104,"column":48}},"54":{"start":{"line":108,"column":12},"end":{"line":116,"column":null}},"55":{"start":{"line":109,"column":8},"end":{"line":115,"column":null}},"56":{"start":{"line":110,"column":30},"end":{"line":110,"column":59}},"57":{"start":{"line":111,"column":12},"end":{"line":113,"column":null}},"58":{"start":{"line":112,"column":16},"end":{"line":112,"column":33}},"59":{"start":{"line":114,"column":12},"end":{"line":114,"column":48}},"60":{"start":{"line":118,"column":18},"end":{"line":152,"column":null}},"61":{"start":{"line":121,"column":18},"end":{"line":121,"column":44}},"62":{"start":{"line":123,"column":18},"end":{"line":123,"column":58}},"63":{"start":{"line":124,"column":12},"end":{"line":124,"column":40}},"64":{"start":{"line":125,"column":29},"end":{"line":137,"column":null}},"65":{"start":{"line":126,"column":16},"end":{"line":129,"column":26}},"66":{"start":{"line":128,"column":20},"end":{"line":128,"column":95}},"67":{"start":{"line":131,"column":36},"end":{"line":133,"column":18}},"68":{"start":{"line":132,"column":20},"end":{"line":132,"column":36}},"69":{"start":{"line":134,"column":16},"end":{"line":136,"column":null}},"70":{"start":{"line":135,"column":20},"end":{"line":135,"column":108}},"71":{"start":{"line":125,"column":18},"end":{"line":137,"column":null}},"72":{"start":{"line":138,"column":12},"end":{"line":138,"column":58}},"73":{"start":{"line":140,"column":12},"end":{"line":150,"column":null}},"74":{"start":{"line":141,"column":16},"end":{"line":141,"column":45}},"75":{"start":{"line":143,"column":16},"end":{"line":149,"column":18}},"76":{"start":{"line":154,"column":12},"end":{"line":167,"column":null}},"77":{"start":{"line":155,"column":8},"end":{"line":166,"column":null}},"78":{"start":{"line":156,"column":27},"end":{"line":159,"column":33}},"79":{"start":{"line":160,"column":12},"end":{"line":160,"column":37}},"80":{"start":{"line":162,"column":12},"end":{"line":165,"column":null}},"81":{"start":{"line":163,"column":16},"end":{"line":163,"column":109}},"82":{"start":{"line":164,"column":16},"end":{"line":164,"column":41}},"83":{"start":{"line":168,"column":0},"end":{"line":168,"column":null}},"84":{"start":{"line":16,"column":13},"end":{"line":16,"column":21}}},"fnMap":{"0":{"name":"(anonymous_14)","decl":{"start":{"line":16,"column":0},"end":{"line":16,"column":13}},"loc":{"start":{"line":16,"column":0},"end":{"line":168,"column":null}}},"1":{"name":"Protocol","decl":{"start":{"line":23,"column":4},"end":{"line":23,"column":16}},"loc":{"start":{"line":23,"column":61},"end":{"line":29,"column":5}}},"2":{"name":"(anonymous_16)","decl":{"start":{"line":26,"column":34},"end":{"line":26,"column":35}},"loc":{"start":{"line":26,"column":42},"end":{"line":28,"column":9}}},"3":{"name":"(anonymous_17)","decl":{"start":{"line":32,"column":4},"end":{"line":32,"column":13}},"loc":{"start":{"line":32,"column":29},"end":{"line":53,"column":5}}},"4":{"name":"(anonymous_18)","decl":{"start":{"line":55,"column":4},"end":{"line":55,"column":11}},"loc":{"start":{"line":55,"column":52},"end":{"line":78,"column":5}}},"5":{"name":"(anonymous_19)","decl":{"start":{"line":56,"column":27},"end":{"line":56,"column":28}},"loc":{"start":{"line":56,"column":43},"end":{"line":77,"column":9}}},"6":{"name":"(anonymous_20)","decl":{"start":{"line":69,"column":27},"end":{"line":69,"column":null}},"loc":{"start":{"line":69,"column":27},"end":{"line":72,"column":17}}},"7":{"name":"(anonymous_21)","decl":{"start":{"line":80,"column":4},"end":{"line":80,"column":12}},"loc":{"start":{"line":80,"column":57},"end":{"line":91,"column":5}}},"8":{"name":"(anonymous_22)","decl":{"start":{"line":93,"column":4},"end":{"line":93,"column":12}},"loc":{"start":{"line":97,"column":25},"end":{"line":106,"column":5}}},"9":{"name":"(anonymous_23)","decl":{"start":{"line":108,"column":4},"end":{"line":108,"column":12}},"loc":{"start":{"line":108,"column":56},"end":{"line":116,"column":5}}},"10":{"name":"(anonymous_24)","decl":{"start":{"line":118,"column":4},"end":{"line":118,"column":18}},"loc":{"start":{"line":118,"column":73},"end":{"line":152,"column":null}}},"11":{"name":"(anonymous_27)","decl":{"start":{"line":125,"column":47},"end":{"line":125,"column":48}},"loc":{"start":{"line":125,"column":63},"end":{"line":137,"column":13}}},"12":{"name":"(anonymous_28)","decl":{"start":{"line":126,"column":27},"end":{"line":126,"column":null}},"loc":{"start":{"line":126,"column":27},"end":{"line":129,"column":17}}},"13":{"name":"(anonymous_29)","decl":{"start":{"line":131,"column":77},"end":{"line":131,"column":78}},"loc":{"start":{"line":131,"column":89},"end":{"line":133,"column":17}}},"14":{"name":"(anonymous_30)","decl":{"start":{"line":154,"column":4},"end":{"line":154,"column":12}},"loc":{"start":{"line":154,"column":78},"end":{"line":167,"column":5}}}},"branchMap":{"0":{"loc":{"start":{"line":36,"column":12},"end":{"line":47,"column":null}},"type":"if","locations":[{"start":{"line":36,"column":12},"end":{"line":47,"column":null}},{"start":{"line":39,"column":19},"end":{"line":47,"column":null}}]},"1":{"loc":{"start":{"line":36,"column":16},"end":{"line":36,"column":65}},"type":"binary-expr","locations":[{"start":{"line":36,"column":16},"end":{"line":36,"column":44}},{"start":{"line":36,"column":48},"end":{"line":36,"column":65}}]},"2":{"loc":{"start":{"line":39,"column":19},"end":{"line":47,"column":null}},"type":"if","locations":[{"start":{"line":39,"column":19},"end":{"line":47,"column":null}},{"start":{"line":42,"column":19},"end":{"line":47,"column":null}}]},"3":{"loc":{"start":{"line":39,"column":23},"end":{"line":39,"column":78}},"type":"binary-expr","locations":[{"start":{"line":39,"column":23},"end":{"line":39,"column":57}},{"start":{"line":39,"column":61},"end":{"line":39,"column":78}}]},"4":{"loc":{"start":{"line":42,"column":19},"end":{"line":47,"column":null}},"type":"if","locations":[{"start":{"line":42,"column":19},"end":{"line":47,"column":null}},{"start":{"line":45,"column":19},"end":{"line":47,"column":null}}]},"5":{"loc":{"start":{"line":42,"column":23},"end":{"line":42,"column":77}},"type":"binary-expr","locations":[{"start":{"line":42,"column":23},"end":{"line":42,"column":56}},{"start":{"line":42,"column":60},"end":{"line":42,"column":77}}]},"6":{"loc":{"start":{"line":49,"column":12},"end":{"line":51,"column":null}},"type":"if","locations":[{"start":{"line":49,"column":12},"end":{"line":51,"column":null}}]},"7":{"loc":{"start":{"line":49,"column":16},"end":{"line":49,"column":66}},"type":"binary-expr","locations":[{"start":{"line":49,"column":16},"end":{"line":49,"column":42}},{"start":{"line":49,"column":46},"end":{"line":49,"column":66}}]},"8":{"loc":{"start":{"line":86,"column":16},"end":{"line":86,"column":35}},"type":"binary-expr","locations":[{"start":{"line":86,"column":16},"end":{"line":86,"column":29}},{"start":{"line":86,"column":33},"end":{"line":86,"column":35}}]},"9":{"loc":{"start":{"line":99,"column":8},"end":{"line":105,"column":null}},"type":"if","locations":[{"start":{"line":99,"column":8},"end":{"line":105,"column":null}}]},"10":{"loc":{"start":{"line":101,"column":12},"end":{"line":103,"column":null}},"type":"if","locations":[{"start":{"line":101,"column":12},"end":{"line":103,"column":null}}]},"11":{"loc":{"start":{"line":109,"column":8},"end":{"line":115,"column":null}},"type":"if","locations":[{"start":{"line":109,"column":8},"end":{"line":115,"column":null}}]},"12":{"loc":{"start":{"line":111,"column":12},"end":{"line":113,"column":null}},"type":"if","locations":[{"start":{"line":111,"column":12},"end":{"line":113,"column":null}}]},"13":{"loc":{"start":{"line":134,"column":16},"end":{"line":136,"column":null}},"type":"if","locations":[{"start":{"line":134,"column":16},"end":{"line":136,"column":null}}]},"14":{"loc":{"start":{"line":140,"column":12},"end":{"line":150,"column":null}},"type":"if","locations":[{"start":{"line":140,"column":12},"end":{"line":150,"column":null}},{"start":{"line":142,"column":19},"end":{"line":150,"column":null}}]},"15":{"loc":{"start":{"line":162,"column":12},"end":{"line":165,"column":null}},"type":"if","locations":[{"start":{"line":162,"column":12},"end":{"line":165,"column":null}}]}},"s":{"0":8,"1":8,"2":8,"3":8,"4":8,"5":8,"6":8,"7":8,"8":9,"9":9,"10":9,"11":9,"12":9,"13":0,"14":8,"15":4,"16":4,"17":4,"18":4,"19":4,"20":3,"21":1,"22":3,"23":2,"24":1,"25":2,"26":4,"27":1,"28":1,"29":1,"30":1,"31":8,"32":2,"33":2,"34":2,"35":2,"36":2,"37":2,"38":2,"39":2,"40":0,"41":0,"42":0,"43":8,"44":1,"45":1,"46":1,"47":0,"48":8,"49":1,"50":0,"51":0,"52":0,"53":0,"54":8,"55":1,"56":0,"57":0,"58":0,"59":0,"60":8,"61":1,"62":1,"63":1,"64":0,"65":0,"66":0,"67":0,"68":0,"69":0,"70":0,"71":0,"72":0,"73":1,"74":0,"75":1,"76":8,"77":0,"78":0,"79":0,"80":0,"81":0,"82":0,"83":8,"84":8},"f":{"0":8,"1":9,"2":0,"3":4,"4":2,"5":2,"6":0,"7":1,"8":1,"9":1,"10":1,"11":0,"12":0,"13":0,"14":0},"b":{"0":[1,3],"1":[4,2],"2":[1,2],"3":[3,1],"4":[1,1],"5":[2,1],"6":[1],"7":[1,1],"8":[1,1],"9":[0],"10":[0],"11":[0],"12":[0],"13":[0],"14":[0,1],"15":[0]}}
,"D:\\work\\NestJS\\nodejs-typescript-ocpp-library2.0.1\\src\\impl\\SchemaValidator.ts": {"path":"D:\\work\\NestJS\\nodejs-typescript-ocpp-library2.0.1\\src\\impl\\SchemaValidator.ts","statementMap":{"0":{"start":{"line":1,"column":0},"end":{"line":1,"column":22}},"1":{"start":{"line":2,"column":0},"end":{"line":2,"column":36}},"2":{"start":{"line":3,"column":0},"end":{"line":3,"column":null}},"3":{"start":{"line":11,"column":0},"end":{"line":11,"column":13}},"4":{"start":{"line":15,"column":4},"end":{"line":15,"column":25}},"5":{"start":{"line":16,"column":4},"end":{"line":16,"column":31}},"6":{"start":{"line":22,"column":2},"end":{"line":64,"column":null}},"7":{"start":{"line":23,"column":16},"end":{"line":23,"column":39}},"8":{"start":{"line":24,"column":4},"end":{"line":24,"column":20}},"9":{"start":{"line":26,"column":21},"end":{"line":26,"column":45}},"10":{"start":{"line":27,"column":18},"end":{"line":27,"column":35}},"11":{"start":{"line":28,"column":4},"end":{"line":63,"column":null}},"12":{"start":{"line":29,"column":6},"end":{"line":62,"column":9}},"13":{"start":{"line":30,"column":8},"end":{"line":61,"column":null}},"14":{"start":{"line":31,"column":10},"end":{"line":36,"column":12}},"15":{"start":{"line":37,"column":15},"end":{"line":61,"column":null}},"16":{"start":{"line":38,"column":10},"end":{"line":42,"column":12}},"17":{"start":{"line":43,"column":15},"end":{"line":61,"column":null}},"18":{"start":{"line":44,"column":10},"end":{"line":48,"column":12}},"19":{"start":{"line":49,"column":15},"end":{"line":61,"column":null}},"20":{"start":{"line":50,"column":10},"end":{"line":54,"column":12}},"21":{"start":{"line":56,"column":10},"end":{"line":60,"column":12}},"22":{"start":{"line":65,"column":0},"end":{"line":65,"column":null}},"23":{"start":{"line":11,"column":13},"end":{"line":11,"column":28}}},"fnMap":{"0":{"name":"(anonymous_1)","decl":{"start":{"line":11,"column":0},"end":{"line":11,"column":13}},"loc":{"start":{"line":11,"column":0},"end":{"line":65,"column":null}}},"1":{"name":"SchemaValidator","decl":{"start":{"line":14,"column":2},"end":{"line":14,"column":14}},"loc":{"start":{"line":14,"column":28},"end":{"line":17,"column":3}}},"2":{"name":"(anonymous_3)","decl":{"start":{"line":22,"column":2},"end":{"line":22,"column":10}},"loc":{"start":{"line":22,"column":23},"end":{"line":64,"column":3}}},"3":{"name":"(anonymous_4)","decl":{"start":{"line":29,"column":31},"end":{"line":29,"column":32}},"loc":{"start":{"line":29,"column":37},"end":{"line":62,"column":7}}}},"branchMap":{"0":{"loc":{"start":{"line":28,"column":4},"end":{"line":63,"column":null}},"type":"if","locations":[{"start":{"line":28,"column":4},"end":{"line":63,"column":null}}]},"1":{"loc":{"start":{"line":29,"column":6},"end":{"line":62,"column":8}},"type":"cond-expr","locations":[{"start":{"line":29,"column":21},"end":{"line":29,"column":23}},{"start":{"line":29,"column":21},"end":{"line":62,"column":8}}]},"2":{"loc":{"start":{"line":29,"column":6},"end":{"line":29,"column":23}},"type":"binary-expr","locations":[{"start":{"line":29,"column":6},"end":{"line":29,"column":23}},{"start":{"line":29,"column":21},"end":{"line":29,"column":23}}]},"3":{"loc":{"start":{"line":30,"column":8},"end":{"line":61,"column":null}},"type":"if","locations":[{"start":{"line":30,"column":8},"end":{"line":61,"column":null}},{"start":{"line":37,"column":15},"end":{"line":61,"column":null}}]},"4":{"loc":{"start":{"line":37,"column":15},"end":{"line":61,"column":null}},"type":"if","locations":[{"start":{"line":37,"column":15},"end":{"line":61,"column":null}},{"start":{"line":43,"column":15},"end":{"line":61,"column":null}}]},"5":{"loc":{"start":{"line":43,"column":15},"end":{"line":61,"column":null}},"type":"if","locations":[{"start":{"line":43,"column":15},"end":{"line":61,"column":null}},{"start":{"line":49,"column":15},"end":{"line":61,"column":null}}]},"6":{"loc":{"start":{"line":49,"column":15},"end":{"line":61,"column":null}},"type":"if","locations":[{"start":{"line":49,"column":15},"end":{"line":61,"column":null}},{"start":{"line":55,"column":15},"end":{"line":61,"column":null}}]}},"s":{"0":9,"1":9,"2":9,"3":9,"4":7,"5":7,"6":9,"7":7,"8":7,"9":7,"10":7,"11":7,"12":7,"13":7,"14":1,"15":6,"16":2,"17":4,"18":1,"19":3,"20":2,"21":1,"22":9,"23":9},"f":{"0":9,"1":7,"2":7,"3":7},"b":{"0":[7],"1":[0,7],"2":[7,7],"3":[1,6],"4":[2,4],"5":[1,3],"6":[2,1]}}
,"D:\\work\\NestJS\\nodejs-typescript-ocpp-library2.0.1\\src\\impl\\Server.ts": {"path":"D:\\work\\NestJS\\nodejs-typescript-ocpp-library2.0.1\\src\\impl\\Server.ts","statementMap":{"0":{"start":{"line":1,"column":0},"end":{"line":1,"column":34}},"1":{"start":{"line":2,"column":0},"end":{"line":2,"column":46}},"2":{"start":{"line":4,"column":0},"end":{"line":4,"column":56}},"3":{"start":{"line":5,"column":0},"end":{"line":5,"column":71}},"4":{"start":{"line":7,"column":0},"end":{"line":7,"column":46}},"5":{"start":{"line":9,"column":0},"end":{"line":9,"column":61}},"6":{"start":{"line":10,"column":0},"end":{"line":10,"column":36}},"7":{"start":{"line":12,"column":0},"end":{"line":12,"column":null}},"8":{"start":{"line":12,"column":28},"end":{"line":12,"column":40}},"9":{"start":{"line":12,"column":0},"end":{"line":12,"column":13}},"10":{"start":{"line":13,"column":12},"end":{"line":13,"column":51}},"11":{"start":{"line":15,"column":12},"end":{"line":15,"column":40}},"12":{"start":{"line":17,"column":14},"end":{"line":61,"column":null}},"13":{"start":{"line":17,"column":4},"end":{"line":17,"column":14}},"14":{"start":{"line":17,"column":21},"end":{"line":17,"column":34}},"15":{"start":{"line":19,"column":8},"end":{"line":23,"column":null}},"16":{"start":{"line":20,"column":12},"end":{"line":20,"column":54}},"17":{"start":{"line":22,"column":12},"end":{"line":22,"column":40}},"18":{"start":{"line":25,"column":20},"end":{"line":33,"column":10}},"19":{"start":{"line":28,"column":16},"end":{"line":30,"column":null}},"20":{"start":{"line":29,"column":20},"end":{"line":29,"column":47}},"21":{"start":{"line":31,"column":16},"end":{"line":31,"column":29}},"22":{"start":{"line":35,"column":8},"end":{"line":35,"column":73}},"23":{"start":{"line":35,"column":42},"end":{"line":35,"column":72}},"24":{"start":{"line":37,"column":8},"end":{"line":58,"column":11}},"25":{"start":{"line":38,"column":25},"end":{"line":38,"column":55}},"26":{"start":{"line":39,"column":12},"end":{"line":57,"column":null}},"27":{"start":{"line":40,"column":16},"end":{"line":40,"column":65}},"28":{"start":{"line":41,"column":16},"end":{"line":41,"column":33}},"29":{"start":{"line":42,"column":19},"end":{"line":57,"column":null}},"30":{"start":{"line":43,"column":16},"end":{"line":52,"column":19}},"31":{"start":{"line":44,"column":20},"end":{"line":51,"column":null}},"32":{"start":{"line":45,"column":24},"end":{"line":45,"column":74}},"33":{"start":{"line":46,"column":24},"end":{"line":46,"column":41}},"34":{"start":{"line":48,"column":24},"end":{"line":50,"column":27}},"35":{"start":{"line":49,"column":28},"end":{"line":49,"column":60}},"36":{"start":{"line":54,"column":16},"end":{"line":56,"column":19}},"37":{"start":{"line":55,"column":20},"end":{"line":55,"column":52}},"38":{"start":{"line":60,"column":8},"end":{"line":60,"column":28}},"39":{"start":{"line":63,"column":12},"end":{"line":90,"column":null}},"40":{"start":{"line":63,"column":4},"end":{"line":63,"column":12}},"41":{"start":{"line":64,"column":21},"end":{"line":64,"column":51}},"42":{"start":{"line":65,"column":8},"end":{"line":72,"column":null}},"43":{"start":{"line":69,"column":12},"end":{"line":69,"column":74}},"44":{"start":{"line":70,"column":12},"end":{"line":70,"column":27}},"45":{"start":{"line":71,"column":12},"end":{"line":71,"column":19}},"46":{"start":{"line":74,"column":23},"end":{"line":74,"column":53}},"47":{"start":{"line":75,"column":8},"end":{"line":75,"column":59}},"48":{"start":{"line":77,"column":8},"end":{"line":80,"column":11}},"49":{"start":{"line":78,"column":12},"end":{"line":78,"column":57}},"50":{"start":{"line":79,"column":12},"end":{"line":79,"column":38}},"51":{"start":{"line":82,"column":8},"end":{"line":87,"column":11}},"52":{"start":{"line":83,"column":26},"end":{"line":83,"column":54}},"53":{"start":{"line":84,"column":12},"end":{"line":84,"column":42}},"54":{"start":{"line":85,"column":12},"end":{"line":85,"column":47}},"55":{"start":{"line":88,"column":8},"end":{"line":88,"column":34}},"56":{"start":{"line":89,"column":8},"end":{"line":89,"column":40}},"57":{"start":{"line":92,"column":11},"end":{"line":106,"column":null}},"58":{"start":{"line":93,"column":8},"end":{"line":105,"column":null}},"59":{"start":{"line":94,"column":12},"end":{"line":102,"column":null}},"60":{"start":{"line":95,"column":36},"end":{"line":96,"column":26}},"61":{"start":{"line":97,"column":16},"end":{"line":99,"column":null}},"62":{"start":{"line":98,"column":20},"end":{"line":98,"column":64}},"63":{"start":{"line":101,"column":16},"end":{"line":101,"column":null}},"64":{"start":{"line":104,"column":12},"end":{"line":104,"column":29}},"65":{"start":{"line":107,"column":0},"end":{"line":107,"column":null}},"66":{"start":{"line":12,"column":13},"end":{"line":12,"column":19}}},"fnMap":{"0":{"name":"(anonymous_7)","decl":{"start":{"line":12,"column":0},"end":{"line":12,"column":13}},"loc":{"start":{"line":12,"column":0},"end":{"line":107,"column":null}}},"1":{"name":"(anonymous_9)","decl":{"start":{"line":17,"column":4},"end":{"line":17,"column":14}},"loc":{"start":{"line":17,"column":64},"end":{"line":61,"column":5}}},"2":{"name":"(anonymous_10)","decl":{"start":{"line":27,"column":29},"end":{"line":27,"column":30}},"loc":{"start":{"line":27,"column":52},"end":{"line":32,"column":13}}},"3":{"name":"(anonymous_11)","decl":{"start":{"line":35,"column":29},"end":{"line":35,"column":30}},"loc":{"start":{"line":35,"column":37},"end":{"line":35,"column":46}}},"4":{"name":"(anonymous_12)","decl":{"start":{"line":37,"column":29},"end":{"line":37,"column":30}},"loc":{"start":{"line":37,"column":87},"end":{"line":58,"column":9}}},"5":{"name":"(anonymous_13)","decl":{"start":{"line":43,"column":54},"end":{"line":43,"column":55}},"loc":{"start":{"line":43,"column":66},"end":{"line":52,"column":17}}},"6":{"name":"(anonymous_14)","decl":{"start":{"line":48,"column":61},"end":{"line":48,"column":62}},"loc":{"start":{"line":48,"column":64},"end":{"line":50,"column":25}}},"7":{"name":"(anonymous_15)","decl":{"start":{"line":54,"column":53},"end":{"line":54,"column":54}},"loc":{"start":{"line":54,"column":56},"end":{"line":56,"column":17}}},"8":{"name":"(anonymous_16)","decl":{"start":{"line":63,"column":4},"end":{"line":63,"column":12}},"loc":{"start":{"line":63,"column":67},"end":{"line":90,"column":5}}},"9":{"name":"(anonymous_17)","decl":{"start":{"line":77,"column":27},"end":{"line":77,"column":28}},"loc":{"start":{"line":77,"column":31},"end":{"line":80,"column":9}}},"10":{"name":"(anonymous_18)","decl":{"start":{"line":82,"column":27},"end":{"line":82,"column":28}},"loc":{"start":{"line":82,"column":56},"end":{"line":87,"column":9}}},"11":{"name":"(anonymous_19)","decl":{"start":{"line":92,"column":4},"end":{"line":92,"column":11}},"loc":{"start":{"line":92,"column":49},"end":{"line":106,"column":5}}}},"branchMap":{"0":{"loc":{"start":{"line":12,"column":0},"end":{"line":12,"column":13}},"type":"binary-expr","locations":[{"start":{"line":12,"column":0},"end":{"line":12,"column":13}},{"start":{"line":12,"column":0},"end":{"line":12,"column":13}},{"start":{"line":12,"column":0},"end":{"line":12,"column":13}}]},"1":{"loc":{"start":{"line":17,"column":21},"end":{"line":17,"column":34}},"type":"if","locations":[{"start":{"line":17,"column":21},"end":{"line":17,"column":34}}]},"2":{"loc":{"start":{"line":19,"column":8},"end":{"line":23,"column":null}},"type":"if","locations":[{"start":{"line":19,"column":8},"end":{"line":23,"column":null}},{"start":{"line":21,"column":15},"end":{"line":23,"column":null}}]},"3":{"loc":{"start":{"line":20,"column":39},"end":{"line":20,"column":52}},"type":"binary-expr","locations":[{"start":{"line":20,"column":39},"end":{"line":20,"column":46}},{"start":{"line":20,"column":50},"end":{"line":20,"column":52}}]},"4":{"loc":{"start":{"line":28,"column":16},"end":{"line":30,"column":null}},"type":"if","locations":[{"start":{"line":28,"column":16},"end":{"line":30,"column":null}}]},"5":{"loc":{"start":{"line":39,"column":12},"end":{"line":57,"column":null}},"type":"if","locations":[{"start":{"line":39,"column":12},"end":{"line":57,"column":null}},{"start":{"line":42,"column":19},"end":{"line":57,"column":null}}]},"6":{"loc":{"start":{"line":42,"column":19},"end":{"line":57,"column":null}},"type":"if","locations":[{"start":{"line":42,"column":19},"end":{"line":57,"column":null}},{"start":{"line":53,"column":19},"end":{"line":57,"column":null}}]},"7":{"loc":{"start":{"line":44,"column":20},"end":{"line":51,"column":null}},"type":"if","locations":[{"start":{"line":44,"column":20},"end":{"line":51,"column":null}},{"start":{"line":47,"column":27},"end":{"line":51,"column":null}}]},"8":{"loc":{"start":{"line":65,"column":8},"end":{"line":72,"column":null}},"type":"if","locations":[{"start":{"line":65,"column":8},"end":{"line":72,"column":null}}]},"9":{"loc":{"start":{"line":65,"column":12},"end":{"line":65,"column":37}},"type":"binary-expr","locations":[{"start":{"line":65,"column":12},"end":{"line":65,"column":28}},{"start":{"line":65,"column":32},"end":{"line":65,"column":37}}]},"10":{"loc":{"start":{"line":94,"column":12},"end":{"line":102,"column":null}},"type":"if","locations":[{"start":{"line":94,"column":12},"end":{"line":102,"column":null}},{"start":{"line":100,"column":19},"end":{"line":102,"column":null}}]},"11":{"loc":{"start":{"line":97,"column":16},"end":{"line":99,"column":null}},"type":"if","locations":[{"start":{"line":97,"column":16},"end":{"line":99,"column":null}}]}},"s":{"0":4,"1":4,"2":4,"3":4,"4":4,"5":4,"6":4,"7":4,"8":4,"9":1,"10":1,"11":1,"12":4,"13":0,"14":0,"15":0,"16":0,"17":0,"18":0,"19":0,"20":0,"21":0,"22":0,"23":0,"24":0,"25":0,"26":0,"27":0,"28":0,"29":0,"30":0,"31":0,"32":0,"33":0,"34":0,"35":0,"36":0,"37":0,"38":0,"39":4,"40":0,"41":0,"42":0,"43":0,"44":0,"45":0,"46":0,"47":0,"48":0,"49":0,"50":0,"51":0,"52":0,"53":0,"54":0,"55":0,"56":0,"57":4,"58":4,"59":4,"60":3,"61":3,"62":3,"63":1,"64":1,"65":4,"66":4},"f":{"0":5,"1":0,"2":0,"3":0,"4":0,"5":0,"6":0,"7":0,"8":0,"9":0,"10":0,"11":4},"b":{"0":[1,1,1],"1":[0],"2":[0,0],"3":[0,0],"4":[0],"5":[0,0],"6":[0,0],"7":[0,0],"8":[0],"9":[0,0],"10":[3,1],"11":[3]}}
,"D:\\work\\NestJS\\nodejs-typescript-ocpp-library2.0.1\\src\\impl\\schemas.ts": {"path":"D:\\work\\NestJS\\nodejs-typescript-ocpp-library2.0.1\\src\\impl\\schemas.ts","statementMap":{"0":{"start":{"line":1,"column":0},"end":{"line":1,"column":56}},"1":{"start":{"line":2,"column":0},"end":{"line":2,"column":65}},"2":{"start":{"line":3,"column":0},"end":{"line":3,"column":63}},"3":{"start":{"line":4,"column":0},"end":{"line":4,"column":79}},"4":{"start":{"line":5,"column":0},"end":{"line":5,"column":72}},"5":{"start":{"line":6,"column":0},"end":{"line":6,"column":81}},"6":{"start":{"line":7,"column":0},"end":{"line":7,"column":72}},"7":{"start":{"line":8,"column":0},"end":{"line":8,"column":81}},"8":{"start":{"line":9,"column":0},"end":{"line":9,"column":74}},"9":{"start":{"line":10,"column":0},"end":{"line":10,"column":83}},"10":{"start":{"line":11,"column":0},"end":{"line":11,"column":58}},"11":{"start":{"line":12,"column":0},"end":{"line":12,"column":67}},"12":{"start":{"line":13,"column":0},"end":{"line":13,"column":78}},"13":{"start":{"line":14,"column":0},"end":{"line":14,"column":87}},"14":{"start":{"line":15,"column":0},"end":{"line":15,"column":76}},"15":{"start":{"line":16,"column":0},"end":{"line":16,"column":85}},"16":{"start":{"line":17,"column":0},"end":{"line":17,"column":78}},"17":{"start":{"line":18,"column":0},"end":{"line":18,"column":87}},"18":{"start":{"line":19,"column":0},"end":{"line":19,"column":84}},"19":{"start":{"line":20,"column":0},"end":{"line":20,"column":93}},"20":{"start":{"line":21,"column":0},"end":{"line":21,"column":60}},"21":{"start":{"line":22,"column":0},"end":{"line":22,"column":69}},"22":{"start":{"line":23,"column":0},"end":{"line":23,"column":76}},"23":{"start":{"line":24,"column":0},"end":{"line":24,"column":85}},"24":{"start":{"line":25,"column":0},"end":{"line":25,"column":62}},"25":{"start":{"line":26,"column":0},"end":{"line":26,"column":71}},"26":{"start":{"line":27,"column":0},"end":{"line":27,"column":72}},"27":{"start":{"line":28,"column":0},"end":{"line":28,"column":81}},"28":{"start":{"line":29,"column":0},"end":{"line":29,"column":90}},"29":{"start":{"line":30,"column":0},"end":{"line":30,"column":99}},"30":{"start":{"line":31,"column":0},"end":{"line":31,"column":80}},"31":{"start":{"line":32,"column":0},"end":{"line":32,"column":89}},"32":{"start":{"line":33,"column":0},"end":{"line":33,"column":64}},"33":{"start":{"line":34,"column":0},"end":{"line":34,"column":73}},"34":{"start":{"line":35,"column":0},"end":{"line":35,"column":78}},"35":{"start":{"line":36,"column":0},"end":{"line":36,"column":87}},"36":{"start":{"line":37,"column":0},"end":{"line":37,"column":76}},"37":{"start":{"line":38,"column":0},"end":{"line":38,"column":85}},"38":{"start":{"line":39,"column":0},"end":{"line":39,"column":78}},"39":{"start":{"line":40,"column":0},"end":{"line":40,"column":87}},"40":{"start":{"line":41,"column":0},"end":{"line":41,"column":74}},"41":{"start":{"line":42,"column":0},"end":{"line":42,"column":83}},"42":{"start":{"line":43,"column":0},"end":{"line":43,"column":90}},"43":{"start":{"line":44,"column":0},"end":{"line":44,"column":99}},"44":{"start":{"line":45,"column":0},"end":{"line":45,"column":76}},"45":{"start":{"line":46,"column":0},"end":{"line":46,"column":85}},"46":{"start":{"line":47,"column":0},"end":{"line":47,"column":50}},"47":{"start":{"line":48,"column":0},"end":{"line":48,"column":59}},"48":{"start":{"line":49,"column":0},"end":{"line":49,"column":76}},"49":{"start":{"line":50,"column":0},"end":{"line":50,"column":85}},"50":{"start":{"line":51,"column":0},"end":{"line":51,"column":56}},"51":{"start":{"line":52,"column":0},"end":{"line":52,"column":65}},"52":{"start":{"line":53,"column":0},"end":{"line":53,"column":78}},"53":{"start":{"line":54,"column":0},"end":{"line":54,"column":87}},"54":{"start":{"line":55,"column":0},"end":{"line":55,"column":62}},"55":{"start":{"line":56,"column":0},"end":{"line":56,"column":71}},"56":{"start":{"line":57,"column":0},"end":{"line":57,"column":56}},"57":{"start":{"line":58,"column":0},"end":{"line":58,"column":65}},"58":{"start":{"line":59,"column":0},"end":{"line":59,"column":74}},"59":{"start":{"line":60,"column":0},"end":{"line":60,"column":83}},"60":{"start":{"line":61,"column":0},"end":{"line":61,"column":80}},"61":{"start":{"line":62,"column":0},"end":{"line":62,"column":89}},"62":{"start":{"line":63,"column":0},"end":{"line":63,"column":60}},"63":{"start":{"line":64,"column":0},"end":{"line":64,"column":69}},"64":{"start":{"line":65,"column":0},"end":{"line":65,"column":76}},"65":{"start":{"line":66,"column":0},"end":{"line":66,"column":85}},"66":{"start":{"line":67,"column":0},"end":{"line":67,"column":88}},"67":{"start":{"line":68,"column":0},"end":{"line":68,"column":97}},"68":{"start":{"line":69,"column":0},"end":{"line":69,"column":80}},"69":{"start":{"line":70,"column":0},"end":{"line":70,"column":89}},"70":{"start":{"line":71,"column":0},"end":{"line":71,"column":80}},"71":{"start":{"line":72,"column":0},"end":{"line":72,"column":89}},"72":{"start":{"line":73,"column":0},"end":{"line":73,"column":86}},"73":{"start":{"line":74,"column":0},"end":{"line":74,"column":95}},"74":{"start":{"line":75,"column":0},"end":{"line":75,"column":60}},"75":{"start":{"line":76,"column":0},"end":{"line":76,"column":69}},"76":{"start":{"line":77,"column":0},"end":{"line":77,"column":82}},"77":{"start":{"line":78,"column":0},"end":{"line":78,"column":91}},"78":{"start":{"line":79,"column":0},"end":{"line":79,"column":62}},"79":{"start":{"line":80,"column":0},"end":{"line":80,"column":71}},"80":{"start":{"line":81,"column":0},"end":{"line":81,"column":68}},"81":{"start":{"line":82,"column":0},"end":{"line":82,"column":77}},"82":{"start":{"line":83,"column":0},"end":{"line":83,"column":104}},"83":{"start":{"line":84,"column":0},"end":{"line":84,"column":113}},"84":{"start":{"line":85,"column":0},"end":{"line":85,"column":82}},"85":{"start":{"line":86,"column":0},"end":{"line":86,"column":91}},"86":{"start":{"line":87,"column":0},"end":{"line":87,"column":84}},"87":{"start":{"line":88,"column":0},"end":{"line":88,"column":93}},"88":{"start":{"line":89,"column":0},"end":{"line":89,"column":82}},"89":{"start":{"line":90,"column":0},"end":{"line":90,"column":91}},"90":{"start":{"line":91,"column":0},"end":{"line":91,"column":84}},"91":{"start":{"line":92,"column":0},"end":{"line":92,"column":93}},"92":{"start":{"line":93,"column":0},"end":{"line":93,"column":58}},"93":{"start":{"line":94,"column":0},"end":{"line":94,"column":67}},"94":{"start":{"line":95,"column":0},"end":{"line":95,"column":48}},"95":{"start":{"line":96,"column":0},"end":{"line":96,"column":57}},"96":{"start":{"line":97,"column":0},"end":{"line":97,"column":88}},"97":{"start":{"line":98,"column":0},"end":{"line":98,"column":97}},"98":{"start":{"line":99,"column":0},"end":{"line":99,"column":64}},"99":{"start":{"line":100,"column":0},"end":{"line":100,"column":73}},"100":{"start":{"line":101,"column":0},"end":{"line":101,"column":74}},"101":{"start":{"line":102,"column":0},"end":{"line":102,"column":83}},"102":{"start":{"line":103,"column":0},"end":{"line":103,"column":72}},"103":{"start":{"line":104,"column":0},"end":{"line":104,"column":81}},"104":{"start":{"line":105,"column":0},"end":{"line":105,"column":72}},"105":{"start":{"line":106,"column":0},"end":{"line":106,"column":81}},"106":{"start":{"line":107,"column":0},"end":{"line":107,"column":74}},"107":{"start":{"line":108,"column":0},"end":{"line":108,"column":83}},"108":{"start":{"line":109,"column":0},"end":{"line":109,"column":72}},"109":{"start":{"line":110,"column":0},"end":{"line":110,"column":81}},"110":{"start":{"line":111,"column":0},"end":{"line":111,"column":80}},"111":{"start":{"line":112,"column":0},"end":{"line":112,"column":89}},"112":{"start":{"line":113,"column":0},"end":{"line":113,"column":62}},"113":{"start":{"line":114,"column":0},"end":{"line":114,"column":71}},"114":{"start":{"line":115,"column":0},"end":{"line":115,"column":68}},"115":{"start":{"line":116,"column":0},"end":{"line":116,"column":77}},"116":{"start":{"line":117,"column":0},"end":{"line":117,"column":74}},"117":{"start":{"line":118,"column":0},"end":{"line":118,"column":83}},"118":{"start":{"line":119,"column":0},"end":{"line":119,"column":70}},"119":{"start":{"line":120,"column":0},"end":{"line":120,"column":79}},"120":{"start":{"line":121,"column":0},"end":{"line":121,"column":66}},"121":{"start":{"line":122,"column":0},"end":{"line":122,"column":75}},"122":{"start":{"line":123,"column":0},"end":{"line":123,"column":68}},"123":{"start":{"line":124,"column":0},"end":{"line":124,"column":77}},"124":{"start":{"line":125,"column":0},"end":{"line":125,"column":72}},"125":{"start":{"line":126,"column":0},"end":{"line":126,"column":81}},"126":{"start":{"line":127,"column":0},"end":{"line":127,"column":66}},"127":{"start":{"line":128,"column":0},"end":{"line":128,"column":75}},"128":{"start":{"line":131,"column":0},"end":{"line":260,"column":2}},"129":{"start":{"line":262,"column":13},"end":{"line":262,"column":47}}},"fnMap":{},"branchMap":{},"s":{"0":8,"1":8,"2":8,"3":8,"4":8,"5":8,"6":8,"7":8,"8":8,"9":8,"10":8,"11":8,"12":8,"13":8,"14":8,"15":8,"16":8,"17":8,"18":8,"19":8,"20":8,"21":8,"22":8,"23":8,"24":8,"25":8,"26":8,"27":8,"28":8,"29":8,"30":8,"31":8,"32":8,"33":8,"34":8,"35":8,"36":8,"37":8,"38":8,"39":8,"40":8,"41":8,"42":8,"43":8,"44":8,"45":8,"46":8,"47":8,"48":8,"49":8,"50":8,"51":8,"52":8,"53":8,"54":8,"55":8,"56":8,"57":8,"58":8,"59":8,"60":8,"61":8,"62":8,"63":8,"64":8,"65":8,"66":8,"67":8,"68":8,"69":8,"70":8,"71":8,"72":8,"73":8,"74":8,"75":8,"76":8,"77":8,"78":8,"79":8,"80":8,"81":8,"82":8,"83":8,"84":8,"85":8,"86":8,"87":8,"88":8,"89":8,"90":8,"91":8,"92":8,"93":8,"94":8,"95":8,"96":8,"97":8,"98":8,"99":8,"100":8,"101":8,"102":8,"103":8,"104":8,"105":8,"106":8,"107":8,"108":8,"109":8,"110":8,"111":8,"112":8,"113":8,"114":8,"115":8,"116":8,"117":8,"118":8,"119":8,"120":8,"121":8,"122":8,"123":8,"124":8,"125":8,"126":8,"127":8,"128":8,"129":8},"f":{},"b":{}}
}
