{"D:\\work\\NestJS\\nodejs-typescript-ocpp-library2.0.1\\src\\OcppClient.ts": {"path":"D:\\work\\NestJS\\nodejs-typescript-ocpp-library2.0.1\\src\\OcppClient.ts","statementMap":{"0":{"start":{"line":132,"column":0},"end":{"line":132,"column":37}},"1":{"start":{"line":134,"column":0},"end":{"line":134,"column":null}},"2":{"start":{"line":134,"column":32},"end":{"line":134,"column":38}},"3":{"start":{"line":135,"column":4},"end":{"line":137,"column":null}},"4":{"start":{"line":136,"column":8},"end":{"line":136,"column":49}},"5":{"start":{"line":182,"column":4},"end":{"line":184,"column":null}},"6":{"start":{"line":183,"column":8},"end":{"line":183,"column":41}},"7":{"start":{"line":211,"column":4},"end":{"line":213,"column":null}},"8":{"start":{"line":212,"column":8},"end":{"line":212,"column":51}},"9":{"start":{"line":214,"column":0},"end":{"line":214,"column":null}},"10":{"start":{"line":134,"column":13},"end":{"line":134,"column":23}}},"fnMap":{"0":{"name":"(anonymous_6)","decl":{"start":{"line":134,"column":0},"end":{"line":134,"column":13}},"loc":{"start":{"line":134,"column":0},"end":{"line":214,"column":null}}},"1":{"name":"(anonymous_8)","decl":{"start":{"line":135,"column":4},"end":{"line":135,"column":11}},"loc":{"start":{"line":135,"column":67},"end":{"line":137,"column":5}}},"2":{"name":"(anonymous_9)","decl":{"start":{"line":182,"column":4},"end":{"line":182,"column":6}},"loc":{"start":{"line":182,"column":65},"end":{"line":184,"column":5}}},"3":{"name":"(anonymous_10)","decl":{"start":{"line":211,"column":4},"end":{"line":211,"column":15}},"loc":{"start":{"line":211,"column":45},"end":{"line":213,"column":5}}}},"branchMap":{},"s":{"0":0,"1":0,"2":0,"3":0,"4":0,"5":0,"6":0,"7":0,"8":0,"9":0,"10":0},"f":{"0":0,"1":0,"2":0,"3":0},"b":{}}
,"D:\\work\\NestJS\\nodejs-typescript-ocpp-library2.0.1\\src\\OcppClientConnection.ts": {"path":"D:\\work\\NestJS\\nodejs-typescript-ocpp-library2.0.1\\src\\OcppClientConnection.ts","statementMap":{"0":{"start":{"line":1,"column":0},"end":{"line":1,"column":39}},"1":{"start":{"line":132,"column":0},"end":{"line":132,"column":null}},"2":{"start":{"line":132,"column":42},"end":{"line":132,"column":48}},"3":{"start":{"line":133,"column":2},"end":{"line":135,"column":null}},"4":{"start":{"line":134,"column":4},"end":{"line":134,"column":27}},"5":{"start":{"line":137,"column":2},"end":{"line":139,"column":null}},"6":{"start":{"line":138,"column":4},"end":{"line":138,"column":36}},"7":{"start":{"line":168,"column":2},"end":{"line":170,"column":null}},"8":{"start":{"line":169,"column":4},"end":{"line":169,"column":37}},"9":{"start":{"line":212,"column":2},"end":{"line":214,"column":null}},"10":{"start":{"line":213,"column":4},"end":{"line":213,"column":47}},"11":{"start":{"line":215,"column":0},"end":{"line":215,"column":null}},"12":{"start":{"line":132,"column":13},"end":{"line":132,"column":33}}},"fnMap":{"0":{"name":"(anonymous_6)","decl":{"start":{"line":132,"column":0},"end":{"line":132,"column":13}},"loc":{"start":{"line":132,"column":0},"end":{"line":215,"column":null}}},"1":{"name":"(anonymous_8)","decl":{"start":{"line":133,"column":2},"end":{"line":133,"column":9}},"loc":{"start":{"line":133,"column":2},"end":{"line":135,"column":3}}},"2":{"name":"(anonymous_9)","decl":{"start":{"line":137,"column":2},"end":{"line":137,"column":15}},"loc":{"start":{"line":137,"column":43},"end":{"line":139,"column":3}}},"3":{"name":"(anonymous_10)","decl":{"start":{"line":168,"column":2},"end":{"line":168,"column":4}},"loc":{"start":{"line":168,"column":63},"end":{"line":170,"column":3}}},"4":{"name":"(anonymous_11)","decl":{"start":{"line":212,"column":2},"end":{"line":212,"column":13}},"loc":{"start":{"line":212,"column":43},"end":{"line":214,"column":3}}}},"branchMap":{},"s":{"0":0,"1":0,"2":0,"3":0,"4":0,"5":0,"6":0,"7":0,"8":0,"9":0,"10":0,"11":0,"12":0},"f":{"0":0,"1":0,"2":0,"3":0,"4":0},"b":{}}
,"D:\\work\\NestJS\\nodejs-typescript-ocpp-library2.0.1\\src\\OcppServer.ts": {"path":"D:\\work\\NestJS\\nodejs-typescript-ocpp-library2.0.1\\src\\OcppServer.ts","statementMap":{"0":{"start":{"line":3,"column":0},"end":{"line":3,"column":39}},"1":{"start":{"line":6,"column":0},"end":{"line":6,"column":null}},"2":{"start":{"line":6,"column":32},"end":{"line":6,"column":38}},"3":{"start":{"line":7,"column":2},"end":{"line":9,"column":null}},"4":{"start":{"line":7,"column":9},"end":{"line":7,"column":30}},"5":{"start":{"line":8,"column":4},"end":{"line":8,"column":32}},"6":{"start":{"line":13,"column":2},"end":{"line":15,"column":null}},"7":{"start":{"line":14,"column":4},"end":{"line":14,"column":37}},"8":{"start":{"line":16,"column":0},"end":{"line":16,"column":null}},"9":{"start":{"line":6,"column":13},"end":{"line":6,"column":23}}},"fnMap":{"0":{"name":"(anonymous_6)","decl":{"start":{"line":6,"column":0},"end":{"line":6,"column":13}},"loc":{"start":{"line":6,"column":0},"end":{"line":16,"column":null}}},"1":{"name":"(anonymous_8)","decl":{"start":{"line":7,"column":2},"end":{"line":7,"column":8}},"loc":{"start":{"line":7,"column":60},"end":{"line":9,"column":3}}},"2":{"name":"(anonymous_9)","decl":{"start":{"line":13,"column":2},"end":{"line":13,"column":4}},"loc":{"start":{"line":13,"column":63},"end":{"line":15,"column":3}}}},"branchMap":{"0":{"loc":{"start":{"line":7,"column":9},"end":{"line":7,"column":30}},"type":"if","locations":[{"start":{"line":7,"column":9},"end":{"line":7,"column":30}}]}},"s":{"0":0,"1":0,"2":0,"3":0,"4":0,"5":0,"6":0,"7":0,"8":0,"9":0},"f":{"0":0,"1":0,"2":0},"b":{"0":[0]}}
,"D:\\work\\NestJS\\nodejs-typescript-ocpp-library2.0.1\\src\\index.ts": {"path":"D:\\work\\NestJS\\nodejs-typescript-ocpp-library2.0.1\\src\\index.ts","statementMap":{"0":{"start":{"line":1,"column":0},"end":{"line":1,"column":9}},"1":{"start":{"line":139,"column":2},"end":{"line":1,"column":45}},"2":{"start":{"line":2,"column":0},"end":{"line":2,"column":9}},"3":{"start":{"line":136,"column":2},"end":{"line":2,"column":42}},"4":{"start":{"line":3,"column":0},"end":{"line":3,"column":9}},"5":{"start":{"line":138,"column":2},"end":{"line":3,"column":42}},"6":{"start":{"line":4,"column":0},"end":{"line":4,"column":9}},"7":{"start":{"line":137,"column":2},"end":{"line":4,"column":62}}},"fnMap":{"0":{"name":"(anonymous_0)","decl":{"start":{"line":139,"column":2},"end":{"line":139,"column":11}},"loc":{"start":{"line":139,"column":2},"end":{"line":1,"column":45}}},"1":{"name":"(anonymous_1)","decl":{"start":{"line":136,"column":2},"end":{"line":136,"column":12}},"loc":{"start":{"line":136,"column":2},"end":{"line":2,"column":42}}},"2":{"name":"(anonymous_2)","decl":{"start":{"line":138,"column":2},"end":{"line":138,"column":12}},"loc":{"start":{"line":138,"column":2},"end":{"line":3,"column":42}}},"3":{"name":"(anonymous_3)","decl":{"start":{"line":137,"column":2},"end":{"line":137,"column":22}},"loc":{"start":{"line":137,"column":2},"end":{"line":4,"column":62}}}},"branchMap":{},"s":{"0":0,"1":0,"2":0,"3":0,"4":0,"5":0,"6":0,"7":0},"f":{"0":0,"1":0,"2":0,"3":0},"b":{}}
,"D:\\work\\NestJS\\nodejs-typescript-ocpp-library2.0.1\\src\\impl\\Client.ts": {"path":"D:\\work\\NestJS\\nodejs-typescript-ocpp-library2.0.1\\src\\impl\\Client.ts","statementMap":{"0":{"start":{"line":1,"column":0},"end":{"line":1,"column":34}},"1":{"start":{"line":3,"column":0},"end":{"line":3,"column":27}},"2":{"start":{"line":4,"column":0},"end":{"line":4,"column":38}},"3":{"start":{"line":5,"column":0},"end":{"line":5,"column":48}},"4":{"start":{"line":7,"column":0},"end":{"line":7,"column":null}},"5":{"start":{"line":7,"column":28},"end":{"line":7,"column":40}},"6":{"start":{"line":13,"column":4},"end":{"line":13,"column":null}},"7":{"start":{"line":8,"column":10},"end":{"line":8,"column":45}},"8":{"start":{"line":14,"column":4},"end":{"line":14,"column":21}},"9":{"start":{"line":17,"column":12},"end":{"line":19,"column":null}},"10":{"start":{"line":18,"column":4},"end":{"line":18,"column":21}},"11":{"start":{"line":21,"column":12},"end":{"line":23,"column":null}},"12":{"start":{"line":22,"column":4},"end":{"line":22,"column":33}},"13":{"start":{"line":25,"column":12},"end":{"line":30,"column":null}},"14":{"start":{"line":26,"column":4},"end":{"line":28,"column":null}},"15":{"start":{"line":27,"column":6},"end":{"line":27,"column":59}},"16":{"start":{"line":29,"column":4},"end":{"line":29,"column":70}},"17":{"start":{"line":32,"column":12},"end":{"line":60,"column":null}},"18":{"start":{"line":32,"column":2},"end":{"line":32,"column":12}},"19":{"start":{"line":33,"column":15},"end":{"line":37,"column":6}},"20":{"start":{"line":39,"column":4},"end":{"line":43,"column":7}},"21":{"start":{"line":40,"column":6},"end":{"line":42,"column":null}},"22":{"start":{"line":41,"column":8},"end":{"line":41,"column":96}},"23":{"start":{"line":45,"column":4},"end":{"line":48,"column":7}},"24":{"start":{"line":46,"column":6},"end":{"line":46,"column":31}},"25":{"start":{"line":47,"column":6},"end":{"line":47,"column":39}},"26":{"start":{"line":50,"column":4},"end":{"line":55,"column":7}},"27":{"start":{"line":51,"column":6},"end":{"line":54,"column":null}},"28":{"start":{"line":52,"column":8},"end":{"line":52,"column":51}},"29":{"start":{"line":53,"column":8},"end":{"line":53,"column":29}},"30":{"start":{"line":57,"column":4},"end":{"line":59,"column":7}},"31":{"start":{"line":58,"column":6},"end":{"line":58,"column":30}},"32":{"start":{"line":61,"column":0},"end":{"line":61,"column":null}},"33":{"start":{"line":7,"column":13},"end":{"line":7,"column":19}}},"fnMap":{"0":{"name":"(anonymous_7)","decl":{"start":{"line":7,"column":0},"end":{"line":7,"column":13}},"loc":{"start":{"line":7,"column":0},"end":{"line":61,"column":null}}},"1":{"name":"Client","decl":{"start":{"line":12,"column":2},"end":{"line":12,"column":14}},"loc":{"start":{"line":12,"column":26},"end":{"line":15,"column":3}}},"2":{"name":"(anonymous_9)","decl":{"start":{"line":17,"column":2},"end":{"line":17,"column":12}},"loc":{"start":{"line":17,"column":2},"end":{"line":19,"column":3}}},"3":{"name":"(anonymous_10)","decl":{"start":{"line":21,"column":2},"end":{"line":21,"column":12}},"loc":{"start":{"line":21,"column":53},"end":{"line":23,"column":3}}},"4":{"name":"(anonymous_11)","decl":{"start":{"line":25,"column":2},"end":{"line":25,"column":12}},"loc":{"start":{"line":25,"column":53},"end":{"line":30,"column":3}}},"5":{"name":"(anonymous_12)","decl":{"start":{"line":32,"column":2},"end":{"line":32,"column":12}},"loc":{"start":{"line":32,"column":75},"end":{"line":60,"column":3}}},"6":{"name":"(anonymous_13)","decl":{"start":{"line":39,"column":21},"end":{"line":39,"column":22}},"loc":{"start":{"line":39,"column":25},"end":{"line":43,"column":5}}},"7":{"name":"(anonymous_14)","decl":{"start":{"line":45,"column":19},"end":{"line":45,"column":20}},"loc":{"start":{"line":45,"column":48},"end":{"line":48,"column":5}}},"8":{"name":"(anonymous_15)","decl":{"start":{"line":50,"column":18},"end":{"line":50,"column":null}},"loc":{"start":{"line":50,"column":18},"end":{"line":55,"column":5}}},"9":{"name":"(anonymous_16)","decl":{"start":{"line":57,"column":19},"end":{"line":57,"column":20}},"loc":{"start":{"line":57,"column":23},"end":{"line":59,"column":5}}}},"branchMap":{"0":{"loc":{"start":{"line":13,"column":4},"end":{"line":13,"column":null}},"type":"binary-expr","locations":[{"start":{"line":13,"column":4},"end":{"line":13,"column":11}},{"start":{"line":13,"column":11},"end":{"line":13,"column":null}}]},"1":{"loc":{"start":{"line":26,"column":4},"end":{"line":28,"column":null}},"type":"if","locations":[{"start":{"line":26,"column":4},"end":{"line":28,"column":null}}]},"2":{"loc":{"start":{"line":40,"column":6},"end":{"line":42,"column":null}},"type":"if","locations":[{"start":{"line":40,"column":6},"end":{"line":42,"column":null}}]},"3":{"loc":{"start":{"line":51,"column":6},"end":{"line":54,"column":null}},"type":"if","locations":[{"start":{"line":51,"column":6},"end":{"line":54,"column":null}}]}},"s":{"0":0,"1":0,"2":0,"3":0,"4":0,"5":0,"6":0,"7":0,"8":0,"9":0,"10":0,"11":0,"12":0,"13":0,"14":0,"15":0,"16":0,"17":0,"18":0,"19":0,"20":0,"21":0,"22":0,"23":0,"24":0,"25":0,"26":0,"27":0,"28":0,"29":0,"30":0,"31":0,"32":0,"33":0},"f":{"0":0,"1":0,"2":0,"3":0,"4":0,"5":0,"6":0,"7":0,"8":0,"9":0},"b":{"0":[0,0],"1":[0],"2":[0],"3":[0]}}
,"D:\\work\\NestJS\\nodejs-typescript-ocpp-library2.0.1\\src\\impl\\OcppError.ts": {"path":"D:\\work\\NestJS\\nodejs-typescript-ocpp-library2.0.1\\src\\impl\\OcppError.ts","statementMap":{"0":{"start":{"line":2,"column":13},"end":{"line":2,"column":53}},"1":{"start":{"line":5,"column":13},"end":{"line":5,"column":49}},"2":{"start":{"line":9,"column":13},"end":{"line":9,"column":51}},"3":{"start":{"line":12,"column":13},"end":{"line":12,"column":51}},"4":{"start":{"line":16,"column":13},"end":{"line":16,"column":51}},"5":{"start":{"line":19,"column":13},"end":{"line":19,"column":61}},"6":{"start":{"line":22,"column":13},"end":{"line":22,"column":79}},"7":{"start":{"line":26,"column":13},"end":{"line":26,"column":81}},"8":{"start":{"line":30,"column":13},"end":{"line":30,"column":71}},"9":{"start":{"line":33,"column":13},"end":{"line":33,"column":49}},"10":{"start":{"line":35,"column":0},"end":{"line":35,"column":null}},"11":{"start":{"line":35,"column":31},"end":{"line":35,"column":36}},"12":{"start":{"line":43,"column":4},"end":{"line":43,"column":null}},"13":{"start":{"line":44,"column":4},"end":{"line":44,"column":21}},"14":{"start":{"line":45,"column":4},"end":{"line":45,"column":21}},"15":{"start":{"line":46,"column":4},"end":{"line":46,"column":27}},"16":{"start":{"line":48,"column":0},"end":{"line":48,"column":null}},"17":{"start":{"line":35,"column":13},"end":{"line":35,"column":22}}},"fnMap":{"0":{"name":"(anonymous_6)","decl":{"start":{"line":35,"column":0},"end":{"line":35,"column":13}},"loc":{"start":{"line":35,"column":0},"end":{"line":48,"column":null}}},"1":{"name":"OcppError","decl":{"start":{"line":42,"column":2},"end":{"line":42,"column":14}},"loc":{"start":{"line":42,"column":64},"end":{"line":47,"column":3}}}},"branchMap":{"0":{"loc":{"start":{"line":43,"column":4},"end":{"line":43,"column":null}},"type":"binary-expr","locations":[{"start":{"line":43,"column":4},"end":{"line":43,"column":15}},{"start":{"line":43,"column":15},"end":{"line":43,"column":null}}]}},"s":{"0":2,"1":2,"2":2,"3":2,"4":2,"5":2,"6":2,"7":2,"8":2,"9":2,"10":2,"11":2,"12":10,"13":10,"14":10,"15":10,"16":2,"17":2},"f":{"0":2,"1":10},"b":{"0":[10,0]}}
,"D:\\work\\NestJS\\nodejs-typescript-ocpp-library2.0.1\\src\\impl\\Protocol.ts": {"path":"D:\\work\\NestJS\\nodejs-typescript-ocpp-library2.0.1\\src\\impl\\Protocol.ts","statementMap":{"0":{"start":{"line":2,"column":0},"end":{"line":2,"column":36}},"1":{"start":{"line":4,"column":0},"end":{"line":4,"column":32}},"2":{"start":{"line":5,"column":0},"end":{"line":5,"column":null}},"3":{"start":{"line":10,"column":0},"end":{"line":10,"column":52}},"4":{"start":{"line":12,"column":21},"end":{"line":12,"column":22}},"5":{"start":{"line":13,"column":27},"end":{"line":13,"column":28}},"6":{"start":{"line":14,"column":26},"end":{"line":14,"column":27}},"7":{"start":{"line":16,"column":0},"end":{"line":16,"column":13}},"8":{"start":{"line":23,"column":2},"end":{"line":23,"column":14}},"9":{"start":{"line":17,"column":2},"end":{"line":17,"column":25}},"10":{"start":{"line":24,"column":4},"end":{"line":24,"column":37}},"11":{"start":{"line":25,"column":4},"end":{"line":25,"column":25}},"12":{"start":{"line":26,"column":4},"end":{"line":28,"column":7}},"13":{"start":{"line":27,"column":6},"end":{"line":27,"column":41}},"14":{"start":{"line":31,"column":2},"end":{"line":55,"column":null}},"15":{"start":{"line":32,"column":4},"end":{"line":54,"column":null}},"16":{"start":{"line":33,"column":37},"end":{"line":33,"column":56}},"17":{"start":{"line":33,"column":24},"end":{"line":33,"column":29}},"18":{"start":{"line":33,"column":33},"end":{"line":33,"column":37}},"19":{"start":{"line":34,"column":6},"end":{"line":36,"column":null}},"20":{"start":{"line":35,"column":8},"end":{"line":35,"column":41}},"21":{"start":{"line":38,"column":6},"end":{"line":49,"column":null}},"22":{"start":{"line":39,"column":45},"end":{"line":39,"column":50}},"23":{"start":{"line":40,"column":8},"end":{"line":40,"column":48}},"24":{"start":{"line":41,"column":13},"end":{"line":49,"column":null}},"25":{"start":{"line":42,"column":37},"end":{"line":42,"column":42}},"26":{"start":{"line":43,"column":8},"end":{"line":43,"column":46}},"27":{"start":{"line":44,"column":13},"end":{"line":49,"column":null}},"28":{"start":{"line":45,"column":71},"end":{"line":45,"column":76}},"29":{"start":{"line":46,"column":8},"end":{"line":46,"column":79}},"30":{"start":{"line":48,"column":8},"end":{"line":48,"column":41}},"31":{"start":{"line":51,"column":6},"end":{"line":53,"column":null}},"32":{"start":{"line":52,"column":8},"end":{"line":52,"column":35}},"33":{"start":{"line":57,"column":9},"end":{"line":80,"column":null}},"34":{"start":{"line":57,"column":2},"end":{"line":57,"column":9}},"35":{"start":{"line":58,"column":4},"end":{"line":79,"column":7}},"36":{"start":{"line":59,"column":6},"end":{"line":78,"column":null}},"37":{"start":{"line":60,"column":26},"end":{"line":60,"column":34}},"38":{"start":{"line":61,"column":23},"end":{"line":64,"column":19}},"39":{"start":{"line":65,"column":8},"end":{"line":65,"column":33}},"40":{"start":{"line":66,"column":8},"end":{"line":69,"column":10}},"41":{"start":{"line":71,"column":8},"end":{"line":74,"column":18}},"42":{"start":{"line":73,"column":10},"end":{"line":73,"column":94}},"43":{"start":{"line":76,"column":8},"end":{"line":76,"column":25}},"44":{"start":{"line":77,"column":8},"end":{"line":77,"column":18}},"45":{"start":{"line":82,"column":10},"end":{"line":93,"column":null}},"46":{"start":{"line":83,"column":4},"end":{"line":92,"column":null}},"47":{"start":{"line":84,"column":21},"end":{"line":88,"column":29}},"48":{"start":{"line":89,"column":6},"end":{"line":89,"column":31}},"49":{"start":{"line":91,"column":6},"end":{"line":91,"column":23}},"50":{"start":{"line":95,"column":10},"end":{"line":108,"column":null}},"51":{"start":{"line":101,"column":4},"end":{"line":107,"column":null}},"52":{"start":{"line":102,"column":25},"end":{"line":102,"column":54}},"53":{"start":{"line":103,"column":6},"end":{"line":105,"column":null}},"54":{"start":{"line":104,"column":8},"end":{"line":104,"column":73}},"55":{"start":{"line":106,"column":6},"end":{"line":106,"column":42}},"56":{"start":{"line":110,"column":10},"end":{"line":118,"column":null}},"57":{"start":{"line":111,"column":4},"end":{"line":117,"column":null}},"58":{"start":{"line":112,"column":26},"end":{"line":112,"column":55}},"59":{"start":{"line":113,"column":6},"end":{"line":115,"column":null}},"60":{"start":{"line":114,"column":8},"end":{"line":114,"column":25}},"61":{"start":{"line":116,"column":6},"end":{"line":116,"column":42}},"62":{"start":{"line":120,"column":16},"end":{"line":154,"column":null}},"63":{"start":{"line":123,"column":12},"end":{"line":123,"column":38}},"64":{"start":{"line":125,"column":12},"end":{"line":125,"column":52}},"65":{"start":{"line":126,"column":6},"end":{"line":126,"column":34}},"66":{"start":{"line":127,"column":23},"end":{"line":139,"column":null}},"67":{"start":{"line":128,"column":8},"end":{"line":131,"column":18}},"68":{"start":{"line":130,"column":10},"end":{"line":130,"column":85}},"69":{"start":{"line":133,"column":28},"end":{"line":135,"column":10}},"70":{"start":{"line":134,"column":10},"end":{"line":134,"column":26}},"71":{"start":{"line":136,"column":8},"end":{"line":138,"column":null}},"72":{"start":{"line":137,"column":10},"end":{"line":137,"column":98}},"73":{"start":{"line":127,"column":12},"end":{"line":139,"column":null}},"74":{"start":{"line":140,"column":6},"end":{"line":140,"column":52}},"75":{"start":{"line":142,"column":6},"end":{"line":152,"column":null}},"76":{"start":{"line":143,"column":8},"end":{"line":143,"column":37}},"77":{"start":{"line":145,"column":8},"end":{"line":151,"column":10}},"78":{"start":{"line":156,"column":10},"end":{"line":169,"column":null}},"79":{"start":{"line":157,"column":4},"end":{"line":168,"column":null}},"80":{"start":{"line":158,"column":21},"end":{"line":161,"column":25}},"81":{"start":{"line":162,"column":6},"end":{"line":162,"column":31}},"82":{"start":{"line":164,"column":6},"end":{"line":167,"column":null}},"83":{"start":{"line":165,"column":8},"end":{"line":165,"column":101}},"84":{"start":{"line":166,"column":8},"end":{"line":166,"column":33}},"85":{"start":{"line":170,"column":0},"end":{"line":170,"column":null}},"86":{"start":{"line":16,"column":13},"end":{"line":16,"column":21}}},"fnMap":{"0":{"name":"(anonymous_14)","decl":{"start":{"line":16,"column":0},"end":{"line":16,"column":13}},"loc":{"start":{"line":16,"column":0},"end":{"line":170,"column":null}}},"1":{"name":"Protocol","decl":{"start":{"line":23,"column":2},"end":{"line":23,"column":14}},"loc":{"start":{"line":23,"column":59},"end":{"line":29,"column":3}}},"2":{"name":"(anonymous_16)","decl":{"start":{"line":26,"column":30},"end":{"line":26,"column":31}},"loc":{"start":{"line":26,"column":38},"end":{"line":28,"column":5}}},"3":{"name":"(anonymous_17)","decl":{"start":{"line":31,"column":2},"end":{"line":31,"column":11}},"loc":{"start":{"line":31,"column":27},"end":{"line":55,"column":3}}},"4":{"name":"(anonymous_18)","decl":{"start":{"line":57,"column":2},"end":{"line":57,"column":9}},"loc":{"start":{"line":57,"column":50},"end":{"line":80,"column":3}}},"5":{"name":"(anonymous_19)","decl":{"start":{"line":58,"column":23},"end":{"line":58,"column":24}},"loc":{"start":{"line":58,"column":39},"end":{"line":79,"column":5}}},"6":{"name":"(anonymous_20)","decl":{"start":{"line":71,"column":19},"end":{"line":71,"column":null}},"loc":{"start":{"line":71,"column":19},"end":{"line":74,"column":9}}},"7":{"name":"(anonymous_21)","decl":{"start":{"line":82,"column":2},"end":{"line":82,"column":10}},"loc":{"start":{"line":82,"column":55},"end":{"line":93,"column":3}}},"8":{"name":"(anonymous_22)","decl":{"start":{"line":95,"column":2},"end":{"line":95,"column":10}},"loc":{"start":{"line":99,"column":21},"end":{"line":108,"column":3}}},"9":{"name":"(anonymous_23)","decl":{"start":{"line":110,"column":2},"end":{"line":110,"column":10}},"loc":{"start":{"line":110,"column":54},"end":{"line":118,"column":3}}},"10":{"name":"(anonymous_24)","decl":{"start":{"line":120,"column":2},"end":{"line":120,"column":16}},"loc":{"start":{"line":120,"column":71},"end":{"line":154,"column":null}}},"11":{"name":"(anonymous_27)","decl":{"start":{"line":127,"column":41},"end":{"line":127,"column":42}},"loc":{"start":{"line":127,"column":57},"end":{"line":139,"column":7}}},"12":{"name":"(anonymous_28)","decl":{"start":{"line":128,"column":19},"end":{"line":128,"column":null}},"loc":{"start":{"line":128,"column":19},"end":{"line":131,"column":9}}},"13":{"name":"(anonymous_29)","decl":{"start":{"line":133,"column":69},"end":{"line":133,"column":70}},"loc":{"start":{"line":133,"column":81},"end":{"line":135,"column":9}}},"14":{"name":"(anonymous_30)","decl":{"start":{"line":156,"column":2},"end":{"line":156,"column":10}},"loc":{"start":{"line":156,"column":76},"end":{"line":169,"column":3}}}},"branchMap":{"0":{"loc":{"start":{"line":34,"column":6},"end":{"line":36,"column":null}},"type":"if","locations":[{"start":{"line":34,"column":6},"end":{"line":36,"column":null}}]},"1":{"loc":{"start":{"line":38,"column":6},"end":{"line":49,"column":null}},"type":"if","locations":[{"start":{"line":38,"column":6},"end":{"line":49,"column":null}},{"start":{"line":41,"column":13},"end":{"line":49,"column":null}}]},"2":{"loc":{"start":{"line":38,"column":10},"end":{"line":38,"column":59}},"type":"binary-expr","locations":[{"start":{"line":38,"column":10},"end":{"line":38,"column":38}},{"start":{"line":38,"column":42},"end":{"line":38,"column":59}}]},"3":{"loc":{"start":{"line":41,"column":13},"end":{"line":49,"column":null}},"type":"if","locations":[{"start":{"line":41,"column":13},"end":{"line":49,"column":null}},{"start":{"line":44,"column":13},"end":{"line":49,"column":null}}]},"4":{"loc":{"start":{"line":41,"column":17},"end":{"line":41,"column":72}},"type":"binary-expr","locations":[{"start":{"line":41,"column":17},"end":{"line":41,"column":51}},{"start":{"line":41,"column":55},"end":{"line":41,"column":72}}]},"5":{"loc":{"start":{"line":44,"column":13},"end":{"line":49,"column":null}},"type":"if","locations":[{"start":{"line":44,"column":13},"end":{"line":49,"column":null}},{"start":{"line":47,"column":13},"end":{"line":49,"column":null}}]},"6":{"loc":{"start":{"line":44,"column":17},"end":{"line":44,"column":71}},"type":"binary-expr","locations":[{"start":{"line":44,"column":17},"end":{"line":44,"column":50}},{"start":{"line":44,"column":54},"end":{"line":44,"column":71}}]},"7":{"loc":{"start":{"line":51,"column":6},"end":{"line":53,"column":null}},"type":"if","locations":[{"start":{"line":51,"column":6},"end":{"line":53,"column":null}}]},"8":{"loc":{"start":{"line":51,"column":10},"end":{"line":51,"column":60}},"type":"binary-expr","locations":[{"start":{"line":51,"column":10},"end":{"line":51,"column":36}},{"start":{"line":51,"column":40},"end":{"line":51,"column":60}}]},"9":{"loc":{"start":{"line":88,"column":8},"end":{"line":88,"column":27}},"type":"binary-expr","locations":[{"start":{"line":88,"column":8},"end":{"line":88,"column":21}},{"start":{"line":88,"column":25},"end":{"line":88,"column":27}}]},"10":{"loc":{"start":{"line":101,"column":4},"end":{"line":107,"column":null}},"type":"if","locations":[{"start":{"line":101,"column":4},"end":{"line":107,"column":null}}]},"11":{"loc":{"start":{"line":103,"column":6},"end":{"line":105,"column":null}},"type":"if","locations":[{"start":{"line":103,"column":6},"end":{"line":105,"column":null}}]},"12":{"loc":{"start":{"line":111,"column":4},"end":{"line":117,"column":null}},"type":"if","locations":[{"start":{"line":111,"column":4},"end":{"line":117,"column":null}}]},"13":{"loc":{"start":{"line":113,"column":6},"end":{"line":115,"column":null}},"type":"if","locations":[{"start":{"line":113,"column":6},"end":{"line":115,"column":null}}]},"14":{"loc":{"start":{"line":136,"column":8},"end":{"line":138,"column":null}},"type":"if","locations":[{"start":{"line":136,"column":8},"end":{"line":138,"column":null}}]},"15":{"loc":{"start":{"line":142,"column":6},"end":{"line":152,"column":null}},"type":"if","locations":[{"start":{"line":142,"column":6},"end":{"line":152,"column":null}},{"start":{"line":144,"column":13},"end":{"line":152,"column":null}}]},"16":{"loc":{"start":{"line":164,"column":6},"end":{"line":167,"column":null}},"type":"if","locations":[{"start":{"line":164,"column":6},"end":{"line":167,"column":null}}]}},"s":{"0":0,"1":0,"2":0,"3":0,"4":0,"5":0,"6":0,"7":0,"8":0,"9":0,"10":0,"11":0,"12":0,"13":0,"14":0,"15":0,"16":0,"17":0,"18":0,"19":0,"20":0,"21":0,"22":0,"23":0,"24":0,"25":0,"26":0,"27":0,"28":0,"29":0,"30":0,"31":0,"32":0,"33":0,"34":0,"35":0,"36":0,"37":0,"38":0,"39":0,"40":0,"41":0,"42":0,"43":0,"44":0,"45":0,"46":0,"47":0,"48":0,"49":0,"50":0,"51":0,"52":0,"53":0,"54":0,"55":0,"56":0,"57":0,"58":0,"59":0,"60":0,"61":0,"62":0,"63":0,"64":0,"65":0,"66":0,"67":0,"68":0,"69":0,"70":0,"71":0,"72":0,"73":0,"74":0,"75":0,"76":0,"77":0,"78":0,"79":0,"80":0,"81":0,"82":0,"83":0,"84":0,"85":0,"86":0},"f":{"0":0,"1":0,"2":0,"3":0,"4":0,"5":0,"6":0,"7":0,"8":0,"9":0,"10":0,"11":0,"12":0,"13":0,"14":0},"b":{"0":[0],"1":[0,0],"2":[0,0],"3":[0,0],"4":[0,0],"5":[0,0],"6":[0,0],"7":[0],"8":[0,0],"9":[0,0],"10":[0],"11":[0],"12":[0],"13":[0],"14":[0],"15":[0,0],"16":[0]}}
,"D:\\work\\NestJS\\nodejs-typescript-ocpp-library2.0.1\\src\\impl\\SchemaValidator.ts": {"path":"D:\\work\\NestJS\\nodejs-typescript-ocpp-library2.0.1\\src\\impl\\SchemaValidator.ts","statementMap":{"0":{"start":{"line":1,"column":0},"end":{"line":1,"column":22}},"1":{"start":{"line":2,"column":0},"end":{"line":2,"column":36}},"2":{"start":{"line":3,"column":0},"end":{"line":3,"column":null}},"3":{"start":{"line":11,"column":0},"end":{"line":11,"column":13}},"4":{"start":{"line":15,"column":4},"end":{"line":15,"column":25}},"5":{"start":{"line":16,"column":4},"end":{"line":16,"column":31}},"6":{"start":{"line":22,"column":2},"end":{"line":71,"column":null}},"7":{"start":{"line":23,"column":4},"end":{"line":25,"column":null}},"8":{"start":{"line":24,"column":6},"end":{"line":24,"column":79}},"9":{"start":{"line":26,"column":16},"end":{"line":26,"column":39}},"10":{"start":{"line":27,"column":4},"end":{"line":27,"column":20}},"11":{"start":{"line":29,"column":21},"end":{"line":29,"column":45}},"12":{"start":{"line":30,"column":18},"end":{"line":30,"column":35}},"13":{"start":{"line":31,"column":4},"end":{"line":70,"column":null}},"14":{"start":{"line":32,"column":6},"end":{"line":65,"column":9}},"15":{"start":{"line":33,"column":8},"end":{"line":64,"column":null}},"16":{"start":{"line":34,"column":10},"end":{"line":39,"column":12}},"17":{"start":{"line":40,"column":15},"end":{"line":64,"column":null}},"18":{"start":{"line":41,"column":10},"end":{"line":45,"column":12}},"19":{"start":{"line":46,"column":15},"end":{"line":64,"column":null}},"20":{"start":{"line":47,"column":10},"end":{"line":51,"column":12}},"21":{"start":{"line":52,"column":15},"end":{"line":64,"column":null}},"22":{"start":{"line":53,"column":10},"end":{"line":57,"column":12}},"23":{"start":{"line":59,"column":10},"end":{"line":63,"column":12}},"24":{"start":{"line":66,"column":6},"end":{"line":69,"column":8}},"25":{"start":{"line":72,"column":0},"end":{"line":72,"column":null}},"26":{"start":{"line":11,"column":13},"end":{"line":11,"column":28}}},"fnMap":{"0":{"name":"(anonymous_1)","decl":{"start":{"line":11,"column":0},"end":{"line":11,"column":13}},"loc":{"start":{"line":11,"column":0},"end":{"line":72,"column":null}}},"1":{"name":"SchemaValidator","decl":{"start":{"line":14,"column":2},"end":{"line":14,"column":14}},"loc":{"start":{"line":14,"column":28},"end":{"line":17,"column":3}}},"2":{"name":"(anonymous_3)","decl":{"start":{"line":22,"column":2},"end":{"line":22,"column":10}},"loc":{"start":{"line":22,"column":23},"end":{"line":71,"column":3}}},"3":{"name":"(anonymous_4)","decl":{"start":{"line":32,"column":31},"end":{"line":32,"column":32}},"loc":{"start":{"line":32,"column":37},"end":{"line":65,"column":7}}}},"branchMap":{"0":{"loc":{"start":{"line":23,"column":4},"end":{"line":25,"column":null}},"type":"if","locations":[{"start":{"line":23,"column":4},"end":{"line":25,"column":null}}]},"1":{"loc":{"start":{"line":31,"column":4},"end":{"line":70,"column":null}},"type":"if","locations":[{"start":{"line":31,"column":4},"end":{"line":70,"column":null}}]},"2":{"loc":{"start":{"line":32,"column":6},"end":{"line":65,"column":8}},"type":"cond-expr","locations":[{"start":{"line":32,"column":21},"end":{"line":32,"column":23}},{"start":{"line":32,"column":21},"end":{"line":65,"column":8}}]},"3":{"loc":{"start":{"line":32,"column":6},"end":{"line":32,"column":23}},"type":"binary-expr","locations":[{"start":{"line":32,"column":6},"end":{"line":32,"column":23}},{"start":{"line":32,"column":21},"end":{"line":32,"column":23}}]},"4":{"loc":{"start":{"line":33,"column":8},"end":{"line":64,"column":null}},"type":"if","locations":[{"start":{"line":33,"column":8},"end":{"line":64,"column":null}},{"start":{"line":40,"column":15},"end":{"line":64,"column":null}}]},"5":{"loc":{"start":{"line":40,"column":15},"end":{"line":64,"column":null}},"type":"if","locations":[{"start":{"line":40,"column":15},"end":{"line":64,"column":null}},{"start":{"line":46,"column":15},"end":{"line":64,"column":null}}]},"6":{"loc":{"start":{"line":46,"column":15},"end":{"line":64,"column":null}},"type":"if","locations":[{"start":{"line":46,"column":15},"end":{"line":64,"column":null}},{"start":{"line":52,"column":15},"end":{"line":64,"column":null}}]},"7":{"loc":{"start":{"line":52,"column":15},"end":{"line":64,"column":null}},"type":"if","locations":[{"start":{"line":52,"column":15},"end":{"line":64,"column":null}},{"start":{"line":58,"column":15},"end":{"line":64,"column":null}}]}},"s":{"0":2,"1":2,"2":2,"3":2,"4":10,"5":10,"6":2,"7":10,"8":0,"9":10,"10":10,"11":10,"12":10,"13":10,"14":10,"15":10,"16":2,"17":8,"18":4,"19":4,"20":2,"21":2,"22":2,"23":0,"24":0,"25":2,"26":2},"f":{"0":2,"1":10,"2":10,"3":10},"b":{"0":[0],"1":[10],"2":[0,10],"3":[10,10],"4":[2,8],"5":[4,4],"6":[2,2],"7":[2,0]}}
,"D:\\work\\NestJS\\nodejs-typescript-ocpp-library2.0.1\\src\\impl\\Server.ts": {"path":"D:\\work\\NestJS\\nodejs-typescript-ocpp-library2.0.1\\src\\impl\\Server.ts","statementMap":{"0":{"start":{"line":1,"column":0},"end":{"line":1,"column":34}},"1":{"start":{"line":2,"column":0},"end":{"line":2,"column":48}},"2":{"start":{"line":4,"column":0},"end":{"line":4,"column":58}},"3":{"start":{"line":5,"column":0},"end":{"line":5,"column":73}},"4":{"start":{"line":7,"column":0},"end":{"line":7,"column":48}},"5":{"start":{"line":9,"column":0},"end":{"line":9,"column":63}},"6":{"start":{"line":10,"column":0},"end":{"line":10,"column":38}},"7":{"start":{"line":12,"column":0},"end":{"line":12,"column":null}},"8":{"start":{"line":12,"column":28},"end":{"line":12,"column":40}},"9":{"start":{"line":12,"column":0},"end":{"line":12,"column":13}},"10":{"start":{"line":13,"column":10},"end":{"line":13,"column":49}},"11":{"start":{"line":15,"column":10},"end":{"line":15,"column":38}},"12":{"start":{"line":17,"column":12},"end":{"line":61,"column":null}},"13":{"start":{"line":17,"column":2},"end":{"line":17,"column":12}},"14":{"start":{"line":17,"column":19},"end":{"line":17,"column":32}},"15":{"start":{"line":19,"column":4},"end":{"line":23,"column":null}},"16":{"start":{"line":20,"column":6},"end":{"line":20,"column":48}},"17":{"start":{"line":22,"column":6},"end":{"line":22,"column":34}},"18":{"start":{"line":25,"column":16},"end":{"line":33,"column":6}},"19":{"start":{"line":28,"column":8},"end":{"line":30,"column":null}},"20":{"start":{"line":29,"column":10},"end":{"line":29,"column":37}},"21":{"start":{"line":31,"column":8},"end":{"line":31,"column":21}},"22":{"start":{"line":35,"column":4},"end":{"line":35,"column":69}},"23":{"start":{"line":35,"column":38},"end":{"line":35,"column":68}},"24":{"start":{"line":37,"column":4},"end":{"line":58,"column":7}},"25":{"start":{"line":38,"column":19},"end":{"line":38,"column":49}},"26":{"start":{"line":39,"column":6},"end":{"line":57,"column":null}},"27":{"start":{"line":40,"column":8},"end":{"line":40,"column":57}},"28":{"start":{"line":41,"column":8},"end":{"line":41,"column":25}},"29":{"start":{"line":42,"column":13},"end":{"line":57,"column":null}},"30":{"start":{"line":43,"column":8},"end":{"line":52,"column":11}},"31":{"start":{"line":44,"column":10},"end":{"line":51,"column":null}},"32":{"start":{"line":45,"column":12},"end":{"line":45,"column":62}},"33":{"start":{"line":46,"column":12},"end":{"line":46,"column":29}},"34":{"start":{"line":48,"column":12},"end":{"line":50,"column":15}},"35":{"start":{"line":49,"column":14},"end":{"line":49,"column":46}},"36":{"start":{"line":54,"column":8},"end":{"line":56,"column":11}},"37":{"start":{"line":55,"column":10},"end":{"line":55,"column":42}},"38":{"start":{"line":60,"column":4},"end":{"line":60,"column":24}},"39":{"start":{"line":63,"column":10},"end":{"line":90,"column":null}},"40":{"start":{"line":63,"column":2},"end":{"line":63,"column":10}},"41":{"start":{"line":64,"column":17},"end":{"line":64,"column":47}},"42":{"start":{"line":65,"column":4},"end":{"line":72,"column":null}},"43":{"start":{"line":69,"column":6},"end":{"line":69,"column":68}},"44":{"start":{"line":70,"column":6},"end":{"line":70,"column":21}},"45":{"start":{"line":71,"column":6},"end":{"line":71,"column":13}},"46":{"start":{"line":74,"column":19},"end":{"line":74,"column":49}},"47":{"start":{"line":75,"column":4},"end":{"line":75,"column":55}},"48":{"start":{"line":77,"column":4},"end":{"line":80,"column":7}},"49":{"start":{"line":78,"column":6},"end":{"line":78,"column":51}},"50":{"start":{"line":79,"column":6},"end":{"line":79,"column":32}},"51":{"start":{"line":82,"column":4},"end":{"line":87,"column":7}},"52":{"start":{"line":83,"column":20},"end":{"line":83,"column":48}},"53":{"start":{"line":84,"column":6},"end":{"line":84,"column":36}},"54":{"start":{"line":85,"column":6},"end":{"line":85,"column":41}},"55":{"start":{"line":88,"column":4},"end":{"line":88,"column":30}},"56":{"start":{"line":89,"column":4},"end":{"line":89,"column":36}},"57":{"start":{"line":92,"column":9},"end":{"line":104,"column":null}},"58":{"start":{"line":93,"column":4},"end":{"line":103,"column":null}},"59":{"start":{"line":94,"column":6},"end":{"line":100,"column":null}},"60":{"start":{"line":95,"column":28},"end":{"line":96,"column":14}},"61":{"start":{"line":97,"column":8},"end":{"line":99,"column":null}},"62":{"start":{"line":98,"column":10},"end":{"line":98,"column":54}},"63":{"start":{"line":102,"column":6},"end":{"line":102,"column":23}},"64":{"start":{"line":105,"column":0},"end":{"line":105,"column":null}},"65":{"start":{"line":12,"column":13},"end":{"line":12,"column":19}}},"fnMap":{"0":{"name":"(anonymous_7)","decl":{"start":{"line":12,"column":0},"end":{"line":12,"column":13}},"loc":{"start":{"line":12,"column":0},"end":{"line":105,"column":null}}},"1":{"name":"(anonymous_9)","decl":{"start":{"line":17,"column":2},"end":{"line":17,"column":12}},"loc":{"start":{"line":17,"column":62},"end":{"line":61,"column":3}}},"2":{"name":"(anonymous_10)","decl":{"start":{"line":27,"column":23},"end":{"line":27,"column":24}},"loc":{"start":{"line":27,"column":46},"end":{"line":32,"column":7}}},"3":{"name":"(anonymous_11)","decl":{"start":{"line":35,"column":25},"end":{"line":35,"column":26}},"loc":{"start":{"line":35,"column":33},"end":{"line":35,"column":42}}},"4":{"name":"(anonymous_12)","decl":{"start":{"line":37,"column":25},"end":{"line":37,"column":26}},"loc":{"start":{"line":37,"column":83},"end":{"line":58,"column":5}}},"5":{"name":"(anonymous_13)","decl":{"start":{"line":43,"column":46},"end":{"line":43,"column":47}},"loc":{"start":{"line":43,"column":58},"end":{"line":52,"column":9}}},"6":{"name":"(anonymous_14)","decl":{"start":{"line":48,"column":49},"end":{"line":48,"column":50}},"loc":{"start":{"line":48,"column":52},"end":{"line":50,"column":13}}},"7":{"name":"(anonymous_15)","decl":{"start":{"line":54,"column":45},"end":{"line":54,"column":46}},"loc":{"start":{"line":54,"column":48},"end":{"line":56,"column":9}}},"8":{"name":"(anonymous_16)","decl":{"start":{"line":63,"column":2},"end":{"line":63,"column":10}},"loc":{"start":{"line":63,"column":65},"end":{"line":90,"column":3}}},"9":{"name":"(anonymous_17)","decl":{"start":{"line":77,"column":23},"end":{"line":77,"column":24}},"loc":{"start":{"line":77,"column":27},"end":{"line":80,"column":5}}},"10":{"name":"(anonymous_18)","decl":{"start":{"line":82,"column":23},"end":{"line":82,"column":24}},"loc":{"start":{"line":82,"column":52},"end":{"line":87,"column":5}}},"11":{"name":"(anonymous_19)","decl":{"start":{"line":92,"column":2},"end":{"line":92,"column":9}},"loc":{"start":{"line":92,"column":47},"end":{"line":104,"column":3}}}},"branchMap":{"0":{"loc":{"start":{"line":12,"column":0},"end":{"line":12,"column":13}},"type":"binary-expr","locations":[{"start":{"line":12,"column":0},"end":{"line":12,"column":13}},{"start":{"line":12,"column":0},"end":{"line":12,"column":13}},{"start":{"line":12,"column":0},"end":{"line":12,"column":13}}]},"1":{"loc":{"start":{"line":17,"column":19},"end":{"line":17,"column":32}},"type":"if","locations":[{"start":{"line":17,"column":19},"end":{"line":17,"column":32}}]},"2":{"loc":{"start":{"line":19,"column":4},"end":{"line":23,"column":null}},"type":"if","locations":[{"start":{"line":19,"column":4},"end":{"line":23,"column":null}},{"start":{"line":21,"column":11},"end":{"line":23,"column":null}}]},"3":{"loc":{"start":{"line":20,"column":33},"end":{"line":20,"column":46}},"type":"binary-expr","locations":[{"start":{"line":20,"column":33},"end":{"line":20,"column":40}},{"start":{"line":20,"column":44},"end":{"line":20,"column":46}}]},"4":{"loc":{"start":{"line":28,"column":8},"end":{"line":30,"column":null}},"type":"if","locations":[{"start":{"line":28,"column":8},"end":{"line":30,"column":null}}]},"5":{"loc":{"start":{"line":39,"column":6},"end":{"line":57,"column":null}},"type":"if","locations":[{"start":{"line":39,"column":6},"end":{"line":57,"column":null}},{"start":{"line":42,"column":13},"end":{"line":57,"column":null}}]},"6":{"loc":{"start":{"line":42,"column":13},"end":{"line":57,"column":null}},"type":"if","locations":[{"start":{"line":42,"column":13},"end":{"line":57,"column":null}},{"start":{"line":53,"column":13},"end":{"line":57,"column":null}}]},"7":{"loc":{"start":{"line":44,"column":10},"end":{"line":51,"column":null}},"type":"if","locations":[{"start":{"line":44,"column":10},"end":{"line":51,"column":null}},{"start":{"line":47,"column":17},"end":{"line":51,"column":null}}]},"8":{"loc":{"start":{"line":65,"column":4},"end":{"line":72,"column":null}},"type":"if","locations":[{"start":{"line":65,"column":4},"end":{"line":72,"column":null}}]},"9":{"loc":{"start":{"line":65,"column":8},"end":{"line":65,"column":33}},"type":"binary-expr","locations":[{"start":{"line":65,"column":8},"end":{"line":65,"column":24}},{"start":{"line":65,"column":28},"end":{"line":65,"column":33}}]},"10":{"loc":{"start":{"line":94,"column":6},"end":{"line":100,"column":null}},"type":"if","locations":[{"start":{"line":94,"column":6},"end":{"line":100,"column":null}}]},"11":{"loc":{"start":{"line":97,"column":8},"end":{"line":99,"column":null}},"type":"if","locations":[{"start":{"line":97,"column":8},"end":{"line":99,"column":null}}]}},"s":{"0":0,"1":0,"2":0,"3":0,"4":0,"5":0,"6":0,"7":0,"8":0,"9":0,"10":0,"11":0,"12":0,"13":0,"14":0,"15":0,"16":0,"17":0,"18":0,"19":0,"20":0,"21":0,"22":0,"23":0,"24":0,"25":0,"26":0,"27":0,"28":0,"29":0,"30":0,"31":0,"32":0,"33":0,"34":0,"35":0,"36":0,"37":0,"38":0,"39":0,"40":0,"41":0,"42":0,"43":0,"44":0,"45":0,"46":0,"47":0,"48":0,"49":0,"50":0,"51":0,"52":0,"53":0,"54":0,"55":0,"56":0,"57":0,"58":0,"59":0,"60":0,"61":0,"62":0,"63":0,"64":0,"65":0},"f":{"0":0,"1":0,"2":0,"3":0,"4":0,"5":0,"6":0,"7":0,"8":0,"9":0,"10":0,"11":0},"b":{"0":[0,0,0],"1":[0],"2":[0,0],"3":[0,0],"4":[0],"5":[0,0],"6":[0,0],"7":[0,0],"8":[0],"9":[0,0],"10":[0],"11":[0]}}
,"D:\\work\\NestJS\\nodejs-typescript-ocpp-library2.0.1\\src\\impl\\schemas.ts": {"path":"D:\\work\\NestJS\\nodejs-typescript-ocpp-library2.0.1\\src\\impl\\schemas.ts","statementMap":{"0":{"start":{"line":1,"column":0},"end":{"line":1,"column":56}},"1":{"start":{"line":2,"column":0},"end":{"line":2,"column":65}},"2":{"start":{"line":3,"column":0},"end":{"line":3,"column":63}},"3":{"start":{"line":4,"column":0},"end":{"line":4,"column":79}},"4":{"start":{"line":5,"column":0},"end":{"line":5,"column":72}},"5":{"start":{"line":6,"column":0},"end":{"line":6,"column":81}},"6":{"start":{"line":7,"column":0},"end":{"line":7,"column":72}},"7":{"start":{"line":8,"column":0},"end":{"line":8,"column":81}},"8":{"start":{"line":9,"column":0},"end":{"line":9,"column":74}},"9":{"start":{"line":10,"column":0},"end":{"line":10,"column":83}},"10":{"start":{"line":11,"column":0},"end":{"line":11,"column":58}},"11":{"start":{"line":12,"column":0},"end":{"line":12,"column":67}},"12":{"start":{"line":13,"column":0},"end":{"line":13,"column":78}},"13":{"start":{"line":14,"column":0},"end":{"line":14,"column":87}},"14":{"start":{"line":15,"column":0},"end":{"line":15,"column":76}},"15":{"start":{"line":16,"column":0},"end":{"line":16,"column":85}},"16":{"start":{"line":17,"column":0},"end":{"line":17,"column":78}},"17":{"start":{"line":18,"column":0},"end":{"line":18,"column":87}},"18":{"start":{"line":19,"column":0},"end":{"line":19,"column":84}},"19":{"start":{"line":20,"column":0},"end":{"line":20,"column":93}},"20":{"start":{"line":21,"column":0},"end":{"line":21,"column":60}},"21":{"start":{"line":22,"column":0},"end":{"line":22,"column":69}},"22":{"start":{"line":23,"column":0},"end":{"line":23,"column":76}},"23":{"start":{"line":24,"column":0},"end":{"line":24,"column":85}},"24":{"start":{"line":25,"column":0},"end":{"line":25,"column":62}},"25":{"start":{"line":26,"column":0},"end":{"line":26,"column":71}},"26":{"start":{"line":27,"column":0},"end":{"line":27,"column":72}},"27":{"start":{"line":28,"column":0},"end":{"line":28,"column":81}},"28":{"start":{"line":29,"column":0},"end":{"line":29,"column":90}},"29":{"start":{"line":30,"column":0},"end":{"line":30,"column":99}},"30":{"start":{"line":31,"column":0},"end":{"line":31,"column":80}},"31":{"start":{"line":32,"column":0},"end":{"line":32,"column":89}},"32":{"start":{"line":33,"column":0},"end":{"line":33,"column":64}},"33":{"start":{"line":34,"column":0},"end":{"line":34,"column":73}},"34":{"start":{"line":35,"column":0},"end":{"line":35,"column":78}},"35":{"start":{"line":36,"column":0},"end":{"line":36,"column":87}},"36":{"start":{"line":37,"column":0},"end":{"line":37,"column":76}},"37":{"start":{"line":38,"column":0},"end":{"line":38,"column":85}},"38":{"start":{"line":39,"column":0},"end":{"line":39,"column":78}},"39":{"start":{"line":40,"column":0},"end":{"line":40,"column":87}},"40":{"start":{"line":41,"column":0},"end":{"line":41,"column":74}},"41":{"start":{"line":42,"column":0},"end":{"line":42,"column":83}},"42":{"start":{"line":43,"column":0},"end":{"line":43,"column":90}},"43":{"start":{"line":44,"column":0},"end":{"line":44,"column":99}},"44":{"start":{"line":45,"column":0},"end":{"line":45,"column":76}},"45":{"start":{"line":46,"column":0},"end":{"line":46,"column":85}},"46":{"start":{"line":47,"column":0},"end":{"line":47,"column":50}},"47":{"start":{"line":48,"column":0},"end":{"line":48,"column":59}},"48":{"start":{"line":49,"column":0},"end":{"line":49,"column":76}},"49":{"start":{"line":50,"column":0},"end":{"line":50,"column":85}},"50":{"start":{"line":51,"column":0},"end":{"line":51,"column":56}},"51":{"start":{"line":52,"column":0},"end":{"line":52,"column":65}},"52":{"start":{"line":53,"column":0},"end":{"line":53,"column":78}},"53":{"start":{"line":54,"column":0},"end":{"line":54,"column":87}},"54":{"start":{"line":55,"column":0},"end":{"line":55,"column":62}},"55":{"start":{"line":56,"column":0},"end":{"line":56,"column":71}},"56":{"start":{"line":57,"column":0},"end":{"line":57,"column":56}},"57":{"start":{"line":58,"column":0},"end":{"line":58,"column":65}},"58":{"start":{"line":59,"column":0},"end":{"line":59,"column":74}},"59":{"start":{"line":60,"column":0},"end":{"line":60,"column":83}},"60":{"start":{"line":61,"column":0},"end":{"line":61,"column":80}},"61":{"start":{"line":62,"column":0},"end":{"line":62,"column":89}},"62":{"start":{"line":63,"column":0},"end":{"line":63,"column":60}},"63":{"start":{"line":64,"column":0},"end":{"line":64,"column":69}},"64":{"start":{"line":65,"column":0},"end":{"line":65,"column":76}},"65":{"start":{"line":66,"column":0},"end":{"line":66,"column":85}},"66":{"start":{"line":67,"column":0},"end":{"line":67,"column":88}},"67":{"start":{"line":68,"column":0},"end":{"line":68,"column":97}},"68":{"start":{"line":69,"column":0},"end":{"line":69,"column":80}},"69":{"start":{"line":70,"column":0},"end":{"line":70,"column":89}},"70":{"start":{"line":71,"column":0},"end":{"line":71,"column":80}},"71":{"start":{"line":72,"column":0},"end":{"line":72,"column":89}},"72":{"start":{"line":73,"column":0},"end":{"line":73,"column":86}},"73":{"start":{"line":74,"column":0},"end":{"line":74,"column":95}},"74":{"start":{"line":75,"column":0},"end":{"line":75,"column":60}},"75":{"start":{"line":76,"column":0},"end":{"line":76,"column":69}},"76":{"start":{"line":77,"column":0},"end":{"line":77,"column":82}},"77":{"start":{"line":78,"column":0},"end":{"line":78,"column":91}},"78":{"start":{"line":79,"column":0},"end":{"line":79,"column":62}},"79":{"start":{"line":80,"column":0},"end":{"line":80,"column":71}},"80":{"start":{"line":81,"column":0},"end":{"line":81,"column":68}},"81":{"start":{"line":82,"column":0},"end":{"line":82,"column":77}},"82":{"start":{"line":83,"column":0},"end":{"line":83,"column":104}},"83":{"start":{"line":84,"column":0},"end":{"line":84,"column":113}},"84":{"start":{"line":85,"column":0},"end":{"line":85,"column":82}},"85":{"start":{"line":86,"column":0},"end":{"line":86,"column":91}},"86":{"start":{"line":87,"column":0},"end":{"line":87,"column":84}},"87":{"start":{"line":88,"column":0},"end":{"line":88,"column":93}},"88":{"start":{"line":89,"column":0},"end":{"line":89,"column":82}},"89":{"start":{"line":90,"column":0},"end":{"line":90,"column":91}},"90":{"start":{"line":91,"column":0},"end":{"line":91,"column":84}},"91":{"start":{"line":92,"column":0},"end":{"line":92,"column":93}},"92":{"start":{"line":93,"column":0},"end":{"line":93,"column":58}},"93":{"start":{"line":94,"column":0},"end":{"line":94,"column":67}},"94":{"start":{"line":95,"column":0},"end":{"line":95,"column":48}},"95":{"start":{"line":96,"column":0},"end":{"line":96,"column":57}},"96":{"start":{"line":97,"column":0},"end":{"line":97,"column":88}},"97":{"start":{"line":98,"column":0},"end":{"line":98,"column":97}},"98":{"start":{"line":99,"column":0},"end":{"line":99,"column":64}},"99":{"start":{"line":100,"column":0},"end":{"line":100,"column":73}},"100":{"start":{"line":101,"column":0},"end":{"line":101,"column":74}},"101":{"start":{"line":102,"column":0},"end":{"line":102,"column":83}},"102":{"start":{"line":103,"column":0},"end":{"line":103,"column":72}},"103":{"start":{"line":104,"column":0},"end":{"line":104,"column":81}},"104":{"start":{"line":105,"column":0},"end":{"line":105,"column":72}},"105":{"start":{"line":106,"column":0},"end":{"line":106,"column":81}},"106":{"start":{"line":107,"column":0},"end":{"line":107,"column":74}},"107":{"start":{"line":108,"column":0},"end":{"line":108,"column":83}},"108":{"start":{"line":109,"column":0},"end":{"line":109,"column":72}},"109":{"start":{"line":110,"column":0},"end":{"line":110,"column":81}},"110":{"start":{"line":111,"column":0},"end":{"line":111,"column":80}},"111":{"start":{"line":112,"column":0},"end":{"line":112,"column":89}},"112":{"start":{"line":113,"column":0},"end":{"line":113,"column":62}},"113":{"start":{"line":114,"column":0},"end":{"line":114,"column":71}},"114":{"start":{"line":115,"column":0},"end":{"line":115,"column":68}},"115":{"start":{"line":116,"column":0},"end":{"line":116,"column":77}},"116":{"start":{"line":117,"column":0},"end":{"line":117,"column":74}},"117":{"start":{"line":118,"column":0},"end":{"line":118,"column":83}},"118":{"start":{"line":119,"column":0},"end":{"line":119,"column":70}},"119":{"start":{"line":120,"column":0},"end":{"line":120,"column":79}},"120":{"start":{"line":121,"column":0},"end":{"line":121,"column":66}},"121":{"start":{"line":122,"column":0},"end":{"line":122,"column":75}},"122":{"start":{"line":123,"column":0},"end":{"line":123,"column":68}},"123":{"start":{"line":124,"column":0},"end":{"line":124,"column":77}},"124":{"start":{"line":125,"column":0},"end":{"line":125,"column":72}},"125":{"start":{"line":126,"column":0},"end":{"line":126,"column":81}},"126":{"start":{"line":127,"column":0},"end":{"line":127,"column":66}},"127":{"start":{"line":128,"column":0},"end":{"line":128,"column":75}},"128":{"start":{"line":131,"column":0},"end":{"line":260,"column":2}},"129":{"start":{"line":262,"column":13},"end":{"line":262,"column":47}}},"fnMap":{},"branchMap":{},"s":{"0":0,"1":0,"2":0,"3":0,"4":0,"5":0,"6":0,"7":0,"8":0,"9":0,"10":0,"11":0,"12":0,"13":0,"14":0,"15":0,"16":0,"17":0,"18":0,"19":0,"20":0,"21":0,"22":0,"23":0,"24":0,"25":0,"26":0,"27":0,"28":0,"29":0,"30":0,"31":0,"32":0,"33":0,"34":0,"35":0,"36":0,"37":0,"38":0,"39":0,"40":0,"41":0,"42":0,"43":0,"44":0,"45":0,"46":0,"47":0,"48":0,"49":0,"50":0,"51":0,"52":0,"53":0,"54":0,"55":0,"56":0,"57":0,"58":0,"59":0,"60":0,"61":0,"62":0,"63":0,"64":0,"65":0,"66":0,"67":0,"68":0,"69":0,"70":0,"71":0,"72":0,"73":0,"74":0,"75":0,"76":0,"77":0,"78":0,"79":0,"80":0,"81":0,"82":0,"83":0,"84":0,"85":0,"86":0,"87":0,"88":0,"89":0,"90":0,"91":0,"92":0,"93":0,"94":0,"95":0,"96":0,"97":0,"98":0,"99":0,"100":0,"101":0,"102":0,"103":0,"104":0,"105":0,"106":0,"107":0,"108":0,"109":0,"110":0,"111":0,"112":0,"113":0,"114":0,"115":0,"116":0,"117":0,"118":0,"119":0,"120":0,"121":0,"122":0,"123":0,"124":0,"125":0,"126":0,"127":0,"128":0,"129":0},"f":{},"b":{}}
}
