TN:
SF:src\OcppClient.ts
FN:134,(anonymous_6)
FN:135,(anonymous_8)
FN:182,(anonymous_9)
FN:211,(anonymous_10)
FNF:4
FNH:0
FNDA:0,(anonymous_6)
FNDA:0,(anonymous_8)
FNDA:0,(anonymous_9)
FNDA:0,(anonymous_10)
DA:132,0
DA:134,0
DA:135,0
DA:136,0
DA:182,0
DA:183,0
DA:211,0
DA:212,0
DA:214,0
LF:9
LH:0
BRF:0
BRH:0
end_of_record
TN:
SF:src\OcppClientConnection.ts
FN:132,(anonymous_6)
FN:133,(anonymous_8)
FN:137,(anonymous_9)
FN:168,(anonymous_10)
FN:212,(anonymous_11)
FNF:5
FNH:0
FNDA:0,(anonymous_6)
FNDA:0,(anonymous_8)
FNDA:0,(anonymous_9)
FNDA:0,(anonymous_10)
FNDA:0,(anonymous_11)
DA:1,0
DA:132,0
DA:133,0
DA:134,0
DA:137,0
DA:138,0
DA:168,0
DA:169,0
DA:212,0
DA:213,0
DA:215,0
LF:11
LH:0
BRF:0
BRH:0
end_of_record
TN:
SF:src\OcppServer.ts
FN:6,(anonymous_6)
FN:7,(anonymous_8)
FN:13,(anonymous_9)
FNF:3
FNH:0
FNDA:0,(anonymous_6)
FNDA:0,(anonymous_8)
FNDA:0,(anonymous_9)
DA:3,0
DA:6,0
DA:7,0
DA:8,0
DA:13,0
DA:14,0
DA:16,0
LF:7
LH:0
BRDA:7,0,0,0
BRF:1
BRH:0
end_of_record
TN:
SF:src\index.ts
FN:139,(anonymous_0)
FN:136,(anonymous_1)
FN:138,(anonymous_2)
FN:137,(anonymous_3)
FNF:4
FNH:0
FNDA:0,(anonymous_0)
FNDA:0,(anonymous_1)
FNDA:0,(anonymous_2)
FNDA:0,(anonymous_3)
DA:1,0
DA:2,0
DA:3,0
DA:4,0
DA:136,0
DA:137,0
DA:138,0
DA:139,0
LF:8
LH:0
BRF:0
BRH:0
end_of_record
TN:
SF:src\impl\Client.ts
FN:7,(anonymous_7)
FN:12,Client
FN:17,(anonymous_9)
FN:21,(anonymous_10)
FN:25,(anonymous_11)
FN:32,(anonymous_12)
FN:39,(anonymous_13)
FN:45,(anonymous_14)
FN:50,(anonymous_15)
FN:57,(anonymous_16)
FNF:10
FNH:0
FNDA:0,(anonymous_7)
FNDA:0,Client
FNDA:0,(anonymous_9)
FNDA:0,(anonymous_10)
FNDA:0,(anonymous_11)
FNDA:0,(anonymous_12)
FNDA:0,(anonymous_13)
FNDA:0,(anonymous_14)
FNDA:0,(anonymous_15)
FNDA:0,(anonymous_16)
DA:1,0
DA:3,0
DA:4,0
DA:5,0
DA:7,0
DA:8,0
DA:13,0
DA:14,0
DA:17,0
DA:18,0
DA:21,0
DA:22,0
DA:25,0
DA:26,0
DA:27,0
DA:29,0
DA:32,0
DA:33,0
DA:39,0
DA:40,0
DA:41,0
DA:45,0
DA:46,0
DA:47,0
DA:50,0
DA:51,0
DA:52,0
DA:53,0
DA:57,0
DA:58,0
DA:61,0
LF:31
LH:0
BRDA:13,0,0,0
BRDA:13,0,1,0
BRDA:26,1,0,0
BRDA:40,2,0,0
BRDA:51,3,0,0
BRF:5
BRH:0
end_of_record
TN:
SF:src\impl\OcppError.ts
FN:35,(anonymous_6)
FN:42,OcppError
FNF:2
FNH:2
FNDA:2,(anonymous_6)
FNDA:10,OcppError
DA:2,2
DA:5,2
DA:9,2
DA:12,2
DA:16,2
DA:19,2
DA:22,2
DA:26,2
DA:30,2
DA:33,2
DA:35,2
DA:43,10
DA:44,10
DA:45,10
DA:46,10
DA:48,2
LF:16
LH:16
BRDA:43,0,0,10
BRDA:43,0,1,0
BRF:2
BRH:1
end_of_record
TN:
SF:src\impl\Protocol.ts
FN:16,(anonymous_14)
FN:23,Protocol
FN:26,(anonymous_16)
FN:31,(anonymous_17)
FN:57,(anonymous_18)
FN:58,(anonymous_19)
FN:71,(anonymous_20)
FN:82,(anonymous_21)
FN:95,(anonymous_22)
FN:110,(anonymous_23)
FN:120,(anonymous_24)
FN:127,(anonymous_27)
FN:128,(anonymous_28)
FN:133,(anonymous_29)
FN:156,(anonymous_30)
FNF:15
FNH:0
FNDA:0,(anonymous_14)
FNDA:0,Protocol
FNDA:0,(anonymous_16)
FNDA:0,(anonymous_17)
FNDA:0,(anonymous_18)
FNDA:0,(anonymous_19)
FNDA:0,(anonymous_20)
FNDA:0,(anonymous_21)
FNDA:0,(anonymous_22)
FNDA:0,(anonymous_23)
FNDA:0,(anonymous_24)
FNDA:0,(anonymous_27)
FNDA:0,(anonymous_28)
FNDA:0,(anonymous_29)
FNDA:0,(anonymous_30)
DA:2,0
DA:4,0
DA:5,0
DA:10,0
DA:12,0
DA:13,0
DA:14,0
DA:16,0
DA:17,0
DA:23,0
DA:24,0
DA:25,0
DA:26,0
DA:27,0
DA:31,0
DA:32,0
DA:33,0
DA:34,0
DA:35,0
DA:38,0
DA:39,0
DA:40,0
DA:41,0
DA:42,0
DA:43,0
DA:44,0
DA:45,0
DA:46,0
DA:48,0
DA:51,0
DA:52,0
DA:57,0
DA:58,0
DA:59,0
DA:60,0
DA:61,0
DA:65,0
DA:66,0
DA:71,0
DA:73,0
DA:76,0
DA:77,0
DA:82,0
DA:83,0
DA:84,0
DA:89,0
DA:91,0
DA:95,0
DA:101,0
DA:102,0
DA:103,0
DA:104,0
DA:106,0
DA:110,0
DA:111,0
DA:112,0
DA:113,0
DA:114,0
DA:116,0
DA:120,0
DA:123,0
DA:125,0
DA:126,0
DA:127,0
DA:128,0
DA:130,0
DA:133,0
DA:134,0
DA:136,0
DA:137,0
DA:140,0
DA:142,0
DA:143,0
DA:145,0
DA:156,0
DA:157,0
DA:158,0
DA:162,0
DA:164,0
DA:165,0
DA:166,0
DA:170,0
LF:82
LH:0
BRDA:34,0,0,0
BRDA:38,1,0,0
BRDA:38,1,1,0
BRDA:38,2,0,0
BRDA:38,2,1,0
BRDA:41,3,0,0
BRDA:41,3,1,0
BRDA:41,4,0,0
BRDA:41,4,1,0
BRDA:44,5,0,0
BRDA:44,5,1,0
BRDA:44,6,0,0
BRDA:44,6,1,0
BRDA:51,7,0,0
BRDA:51,8,0,0
BRDA:51,8,1,0
BRDA:88,9,0,0
BRDA:88,9,1,0
BRDA:101,10,0,0
BRDA:103,11,0,0
BRDA:111,12,0,0
BRDA:113,13,0,0
BRDA:136,14,0,0
BRDA:142,15,0,0
BRDA:142,15,1,0
BRDA:164,16,0,0
BRF:26
BRH:0
end_of_record
TN:
SF:src\impl\SchemaValidator.ts
FN:11,(anonymous_1)
FN:14,SchemaValidator
FN:22,(anonymous_3)
FN:32,(anonymous_4)
FNF:4
FNH:4
FNDA:2,(anonymous_1)
FNDA:10,SchemaValidator
FNDA:10,(anonymous_3)
FNDA:10,(anonymous_4)
DA:1,2
DA:2,2
DA:3,2
DA:11,2
DA:15,10
DA:16,10
DA:22,2
DA:23,10
DA:24,0
DA:26,10
DA:27,10
DA:29,10
DA:30,10
DA:31,10
DA:32,10
DA:33,10
DA:34,2
DA:40,8
DA:41,4
DA:46,4
DA:47,2
DA:52,2
DA:53,2
DA:59,0
DA:66,0
DA:72,2
LF:26
LH:23
BRDA:23,0,0,0
BRDA:31,1,0,10
BRDA:32,2,0,0
BRDA:32,2,1,10
BRDA:32,3,0,10
BRDA:32,3,1,10
BRDA:33,4,0,2
BRDA:33,4,1,8
BRDA:40,5,0,4
BRDA:40,5,1,4
BRDA:46,6,0,2
BRDA:46,6,1,2
BRDA:52,7,0,2
BRDA:52,7,1,0
BRF:14
BRH:11
end_of_record
TN:
SF:src\impl\Server.ts
FN:12,(anonymous_7)
FN:17,(anonymous_9)
FN:27,(anonymous_10)
FN:35,(anonymous_11)
FN:37,(anonymous_12)
FN:43,(anonymous_13)
FN:48,(anonymous_14)
FN:54,(anonymous_15)
FN:63,(anonymous_16)
FN:77,(anonymous_17)
FN:82,(anonymous_18)
FN:92,(anonymous_19)
FNF:12
FNH:0
FNDA:0,(anonymous_7)
FNDA:0,(anonymous_9)
FNDA:0,(anonymous_10)
FNDA:0,(anonymous_11)
FNDA:0,(anonymous_12)
FNDA:0,(anonymous_13)
FNDA:0,(anonymous_14)
FNDA:0,(anonymous_15)
FNDA:0,(anonymous_16)
FNDA:0,(anonymous_17)
FNDA:0,(anonymous_18)
FNDA:0,(anonymous_19)
DA:1,0
DA:2,0
DA:4,0
DA:5,0
DA:7,0
DA:9,0
DA:10,0
DA:12,0
DA:13,0
DA:15,0
DA:17,0
DA:19,0
DA:20,0
DA:22,0
DA:25,0
DA:28,0
DA:29,0
DA:31,0
DA:35,0
DA:37,0
DA:38,0
DA:39,0
DA:40,0
DA:41,0
DA:42,0
DA:43,0
DA:44,0
DA:45,0
DA:46,0
DA:48,0
DA:49,0
DA:54,0
DA:55,0
DA:60,0
DA:63,0
DA:64,0
DA:65,0
DA:69,0
DA:70,0
DA:71,0
DA:74,0
DA:75,0
DA:77,0
DA:78,0
DA:79,0
DA:82,0
DA:83,0
DA:84,0
DA:85,0
DA:88,0
DA:89,0
DA:92,0
DA:93,0
DA:94,0
DA:95,0
DA:97,0
DA:98,0
DA:102,0
DA:105,0
LF:59
LH:0
BRDA:12,0,0,0
BRDA:12,0,1,0
BRDA:12,0,2,0
BRDA:17,1,0,0
BRDA:19,2,0,0
BRDA:19,2,1,0
BRDA:20,3,0,0
BRDA:20,3,1,0
BRDA:28,4,0,0
BRDA:39,5,0,0
BRDA:39,5,1,0
BRDA:42,6,0,0
BRDA:42,6,1,0
BRDA:44,7,0,0
BRDA:44,7,1,0
BRDA:65,8,0,0
BRDA:65,9,0,0
BRDA:65,9,1,0
BRDA:94,10,0,0
BRDA:97,11,0,0
BRF:20
BRH:0
end_of_record
TN:
SF:src\impl\schemas.ts
FNF:0
FNH:0
DA:1,0
DA:2,0
DA:3,0
DA:4,0
DA:5,0
DA:6,0
DA:7,0
DA:8,0
DA:9,0
DA:10,0
DA:11,0
DA:12,0
DA:13,0
DA:14,0
DA:15,0
DA:16,0
DA:17,0
DA:18,0
DA:19,0
DA:20,0
DA:21,0
DA:22,0
DA:23,0
DA:24,0
DA:25,0
DA:26,0
DA:27,0
DA:28,0
DA:29,0
DA:30,0
DA:31,0
DA:32,0
DA:33,0
DA:34,0
DA:35,0
DA:36,0
DA:37,0
DA:38,0
DA:39,0
DA:40,0
DA:41,0
DA:42,0
DA:43,0
DA:44,0
DA:45,0
DA:46,0
DA:47,0
DA:48,0
DA:49,0
DA:50,0
DA:51,0
DA:52,0
DA:53,0
DA:54,0
DA:55,0
DA:56,0
DA:57,0
DA:58,0
DA:59,0
DA:60,0
DA:61,0
DA:62,0
DA:63,0
DA:64,0
DA:65,0
DA:66,0
DA:67,0
DA:68,0
DA:69,0
DA:70,0
DA:71,0
DA:72,0
DA:73,0
DA:74,0
DA:75,0
DA:76,0
DA:77,0
DA:78,0
DA:79,0
DA:80,0
DA:81,0
DA:82,0
DA:83,0
DA:84,0
DA:85,0
DA:86,0
DA:87,0
DA:88,0
DA:89,0
DA:90,0
DA:91,0
DA:92,0
DA:93,0
DA:94,0
DA:95,0
DA:96,0
DA:97,0
DA:98,0
DA:99,0
DA:100,0
DA:101,0
DA:102,0
DA:103,0
DA:104,0
DA:105,0
DA:106,0
DA:107,0
DA:108,0
DA:109,0
DA:110,0
DA:111,0
DA:112,0
DA:113,0
DA:114,0
DA:115,0
DA:116,0
DA:117,0
DA:118,0
DA:119,0
DA:120,0
DA:121,0
DA:122,0
DA:123,0
DA:124,0
DA:125,0
DA:126,0
DA:127,0
DA:128,0
DA:131,0
DA:262,0
LF:130
LH:0
BRF:0
BRH:0
end_of_record
