TN:
SF:src\OcppClient.ts
FN:134,(anonymous_6)
FN:135,(anonymous_8)
FN:182,(anonymous_9)
FN:211,(anonymous_10)
FNF:4
FNH:3
FNDA:4,(anonymous_6)
FNDA:1,(anonymous_8)
FNDA:0,(anonymous_9)
FNDA:1,(anonymous_10)
DA:132,2
DA:134,2
DA:135,2
DA:136,1
DA:182,2
DA:183,0
DA:211,2
DA:212,1
DA:214,2
LF:9
LH:8
BRF:0
BRH:0
end_of_record
TN:
SF:src\OcppClientConnection.ts
FN:132,(anonymous_6)
FN:133,(anonymous_8)
FN:137,(anonymous_9)
FN:168,(anonymous_10)
FN:212,(anonymous_11)
FNF:5
FNH:4
FNDA:10,(anonymous_6)
FNDA:1,(anonymous_8)
FNDA:1,(anonymous_9)
FNDA:0,(anonymous_10)
FNDA:1,(anonymous_11)
DA:1,5
DA:132,5
DA:133,5
DA:134,1
DA:137,5
DA:138,1
DA:168,5
DA:169,0
DA:212,5
DA:213,1
DA:215,5
LF:11
LH:10
BRF:0
BRH:0
end_of_record
TN:
SF:src\OcppServer.ts
FN:6,(anonymous_6)
FN:7,(anonymous_8)
FN:13,(anonymous_9)
FNF:3
FNH:2
FNDA:7,(anonymous_6)
FNDA:3,(anonymous_8)
FNDA:0,(anonymous_9)
DA:3,3
DA:6,3
DA:7,4
DA:8,3
DA:13,3
DA:14,0
DA:16,3
LF:7
LH:6
BRDA:7,0,0,1
BRF:1
BRH:1
end_of_record
TN:
SF:src\index.ts
FN:139,(anonymous_0)
FN:136,(anonymous_1)
FN:138,(anonymous_2)
FN:137,(anonymous_3)
FNF:4
FNH:4
FNDA:1,(anonymous_0)
FNDA:1,(anonymous_1)
FNDA:1,(anonymous_2)
FNDA:1,(anonymous_3)
DA:1,1
DA:2,1
DA:3,1
DA:4,1
DA:136,2
DA:137,2
DA:138,2
DA:139,2
LF:8
LH:8
BRF:0
BRH:0
end_of_record
TN:
SF:src\impl\Client.ts
FN:7,(anonymous_7)
FN:12,Client
FN:17,(anonymous_9)
FN:21,(anonymous_10)
FN:25,(anonymous_11)
FN:32,(anonymous_12)
FN:39,(anonymous_13)
FN:45,(anonymous_14)
FN:50,(anonymous_15)
FN:57,(anonymous_16)
FNF:10
FNH:2
FNDA:5,(anonymous_7)
FNDA:2,Client
FNDA:0,(anonymous_9)
FNDA:0,(anonymous_10)
FNDA:0,(anonymous_11)
FNDA:0,(anonymous_12)
FNDA:0,(anonymous_13)
FNDA:0,(anonymous_14)
FNDA:0,(anonymous_15)
FNDA:0,(anonymous_16)
DA:1,5
DA:3,5
DA:4,5
DA:5,5
DA:7,5
DA:8,2
DA:13,2
DA:14,2
DA:17,5
DA:18,0
DA:21,5
DA:22,0
DA:25,5
DA:26,0
DA:27,0
DA:29,0
DA:32,5
DA:33,0
DA:39,0
DA:40,0
DA:41,0
DA:45,0
DA:46,0
DA:47,0
DA:50,0
DA:51,0
DA:52,0
DA:53,0
DA:57,0
DA:58,0
DA:61,5
LF:31
LH:13
BRDA:13,0,0,2
BRDA:13,0,1,2
BRDA:26,1,0,0
BRDA:40,2,0,0
BRDA:51,3,0,0
BRF:5
BRH:2
end_of_record
TN:
SF:src\impl\OcppError.ts
FN:35,(anonymous_6)
FN:42,OcppError
FNF:2
FNH:2
FNDA:9,(anonymous_6)
FNDA:9,OcppError
DA:2,9
DA:5,9
DA:9,9
DA:12,9
DA:16,9
DA:19,9
DA:22,9
DA:26,9
DA:30,9
DA:33,9
DA:35,9
DA:43,9
DA:44,9
DA:45,9
DA:46,9
DA:48,9
LF:16
LH:16
BRDA:43,0,0,9
BRDA:43,0,1,0
BRF:2
BRH:1
end_of_record
TN:
SF:src\impl\Protocol.ts
FN:16,(anonymous_14)
FN:23,Protocol
FN:26,(anonymous_16)
FN:32,(anonymous_17)
FN:55,(anonymous_18)
FN:56,(anonymous_19)
FN:69,(anonymous_20)
FN:80,(anonymous_21)
FN:93,(anonymous_22)
FN:108,(anonymous_23)
FN:118,(anonymous_24)
FN:125,(anonymous_27)
FN:126,(anonymous_28)
FN:131,(anonymous_29)
FN:154,(anonymous_30)
FNF:15
FNH:9
FNDA:8,(anonymous_14)
FNDA:9,Protocol
FNDA:0,(anonymous_16)
FNDA:4,(anonymous_17)
FNDA:2,(anonymous_18)
FNDA:2,(anonymous_19)
FNDA:0,(anonymous_20)
FNDA:1,(anonymous_21)
FNDA:1,(anonymous_22)
FNDA:1,(anonymous_23)
FNDA:1,(anonymous_24)
FNDA:0,(anonymous_27)
FNDA:0,(anonymous_28)
FNDA:0,(anonymous_29)
FNDA:0,(anonymous_30)
DA:2,8
DA:4,8
DA:5,8
DA:10,8
DA:12,8
DA:13,8
DA:14,8
DA:16,8
DA:17,9
DA:23,9
DA:24,9
DA:25,9
DA:26,9
DA:27,0
DA:32,8
DA:33,4
DA:34,4
DA:36,4
DA:37,3
DA:38,1
DA:39,3
DA:40,2
DA:41,1
DA:42,2
DA:43,4
DA:44,1
DA:46,1
DA:49,1
DA:50,1
DA:55,8
DA:56,2
DA:57,2
DA:58,2
DA:59,2
DA:63,2
DA:64,2
DA:69,2
DA:71,0
DA:74,0
DA:75,0
DA:80,8
DA:81,1
DA:82,1
DA:87,1
DA:89,0
DA:93,8
DA:99,1
DA:100,0
DA:101,0
DA:102,0
DA:104,0
DA:108,8
DA:109,1
DA:110,0
DA:111,0
DA:112,0
DA:114,0
DA:118,8
DA:121,1
DA:123,1
DA:124,1
DA:125,0
DA:126,0
DA:128,0
DA:131,0
DA:132,0
DA:134,0
DA:135,0
DA:138,0
DA:140,1
DA:141,0
DA:143,1
DA:154,8
DA:155,0
DA:156,0
DA:160,0
DA:162,0
DA:163,0
DA:164,0
DA:168,8
LF:80
LH:52
BRDA:36,0,0,1
BRDA:36,0,1,3
BRDA:36,1,0,4
BRDA:36,1,1,2
BRDA:39,2,0,1
BRDA:39,2,1,2
BRDA:39,3,0,3
BRDA:39,3,1,1
BRDA:42,4,0,1
BRDA:42,4,1,1
BRDA:42,5,0,2
BRDA:42,5,1,1
BRDA:49,6,0,1
BRDA:49,7,0,1
BRDA:49,7,1,1
BRDA:86,8,0,1
BRDA:86,8,1,1
BRDA:99,9,0,0
BRDA:101,10,0,0
BRDA:109,11,0,0
BRDA:111,12,0,0
BRDA:134,13,0,0
BRDA:140,14,0,0
BRDA:140,14,1,1
BRDA:162,15,0,0
BRF:25
BRH:18
end_of_record
TN:
SF:src\impl\SchemaValidator.ts
FN:11,(anonymous_1)
FN:14,SchemaValidator
FN:22,(anonymous_3)
FN:29,(anonymous_4)
FNF:4
FNH:4
FNDA:9,(anonymous_1)
FNDA:7,SchemaValidator
FNDA:7,(anonymous_3)
FNDA:7,(anonymous_4)
DA:1,9
DA:2,9
DA:3,9
DA:11,9
DA:15,7
DA:16,7
DA:22,9
DA:23,7
DA:24,7
DA:26,7
DA:27,7
DA:28,7
DA:29,7
DA:30,7
DA:31,1
DA:37,6
DA:38,2
DA:43,4
DA:44,1
DA:49,3
DA:50,2
DA:56,1
DA:65,9
LF:23
LH:23
BRDA:28,0,0,7
BRDA:29,1,0,0
BRDA:29,1,1,7
BRDA:29,2,0,7
BRDA:29,2,1,7
BRDA:30,3,0,1
BRDA:30,3,1,6
BRDA:37,4,0,2
BRDA:37,4,1,4
BRDA:43,5,0,1
BRDA:43,5,1,3
BRDA:49,6,0,2
BRDA:49,6,1,1
BRF:13
BRH:12
end_of_record
TN:
SF:src\impl\Server.ts
FN:12,(anonymous_7)
FN:17,(anonymous_9)
FN:27,(anonymous_10)
FN:35,(anonymous_11)
FN:37,(anonymous_12)
FN:43,(anonymous_13)
FN:48,(anonymous_14)
FN:54,(anonymous_15)
FN:63,(anonymous_16)
FN:77,(anonymous_17)
FN:82,(anonymous_18)
FN:92,(anonymous_19)
FNF:12
FNH:2
FNDA:5,(anonymous_7)
FNDA:0,(anonymous_9)
FNDA:0,(anonymous_10)
FNDA:0,(anonymous_11)
FNDA:0,(anonymous_12)
FNDA:0,(anonymous_13)
FNDA:0,(anonymous_14)
FNDA:0,(anonymous_15)
FNDA:0,(anonymous_16)
FNDA:0,(anonymous_17)
FNDA:0,(anonymous_18)
FNDA:4,(anonymous_19)
DA:1,4
DA:2,4
DA:4,4
DA:5,4
DA:7,4
DA:9,4
DA:10,4
DA:12,4
DA:13,1
DA:15,1
DA:17,4
DA:19,0
DA:20,0
DA:22,0
DA:25,0
DA:28,0
DA:29,0
DA:31,0
DA:35,0
DA:37,0
DA:38,0
DA:39,0
DA:40,0
DA:41,0
DA:42,0
DA:43,0
DA:44,0
DA:45,0
DA:46,0
DA:48,0
DA:49,0
DA:54,0
DA:55,0
DA:60,0
DA:63,4
DA:64,0
DA:65,0
DA:69,0
DA:70,0
DA:71,0
DA:74,0
DA:75,0
DA:77,0
DA:78,0
DA:79,0
DA:82,0
DA:83,0
DA:84,0
DA:85,0
DA:88,0
DA:89,0
DA:92,4
DA:93,4
DA:94,4
DA:95,3
DA:97,3
DA:98,3
DA:101,1
DA:104,1
DA:107,4
LF:60
LH:21
BRDA:12,0,0,1
BRDA:12,0,1,1
BRDA:12,0,2,1
BRDA:17,1,0,0
BRDA:19,2,0,0
BRDA:19,2,1,0
BRDA:20,3,0,0
BRDA:20,3,1,0
BRDA:28,4,0,0
BRDA:39,5,0,0
BRDA:39,5,1,0
BRDA:42,6,0,0
BRDA:42,6,1,0
BRDA:44,7,0,0
BRDA:44,7,1,0
BRDA:65,8,0,0
BRDA:65,9,0,0
BRDA:65,9,1,0
BRDA:94,10,0,3
BRDA:94,10,1,1
BRDA:97,11,0,3
BRF:21
BRH:6
end_of_record
TN:
SF:src\impl\schemas.ts
FNF:0
FNH:0
DA:1,8
DA:2,8
DA:3,8
DA:4,8
DA:5,8
DA:6,8
DA:7,8
DA:8,8
DA:9,8
DA:10,8
DA:11,8
DA:12,8
DA:13,8
DA:14,8
DA:15,8
DA:16,8
DA:17,8
DA:18,8
DA:19,8
DA:20,8
DA:21,8
DA:22,8
DA:23,8
DA:24,8
DA:25,8
DA:26,8
DA:27,8
DA:28,8
DA:29,8
DA:30,8
DA:31,8
DA:32,8
DA:33,8
DA:34,8
DA:35,8
DA:36,8
DA:37,8
DA:38,8
DA:39,8
DA:40,8
DA:41,8
DA:42,8
DA:43,8
DA:44,8
DA:45,8
DA:46,8
DA:47,8
DA:48,8
DA:49,8
DA:50,8
DA:51,8
DA:52,8
DA:53,8
DA:54,8
DA:55,8
DA:56,8
DA:57,8
DA:58,8
DA:59,8
DA:60,8
DA:61,8
DA:62,8
DA:63,8
DA:64,8
DA:65,8
DA:66,8
DA:67,8
DA:68,8
DA:69,8
DA:70,8
DA:71,8
DA:72,8
DA:73,8
DA:74,8
DA:75,8
DA:76,8
DA:77,8
DA:78,8
DA:79,8
DA:80,8
DA:81,8
DA:82,8
DA:83,8
DA:84,8
DA:85,8
DA:86,8
DA:87,8
DA:88,8
DA:89,8
DA:90,8
DA:91,8
DA:92,8
DA:93,8
DA:94,8
DA:95,8
DA:96,8
DA:97,8
DA:98,8
DA:99,8
DA:100,8
DA:101,8
DA:102,8
DA:103,8
DA:104,8
DA:105,8
DA:106,8
DA:107,8
DA:108,8
DA:109,8
DA:110,8
DA:111,8
DA:112,8
DA:113,8
DA:114,8
DA:115,8
DA:116,8
DA:117,8
DA:118,8
DA:119,8
DA:120,8
DA:121,8
DA:122,8
DA:123,8
DA:124,8
DA:125,8
DA:126,8
DA:127,8
DA:128,8
DA:131,8
DA:262,8
LF:130
LH:130
BRF:0
BRH:0
end_of_record
